<?xml version="1.0" encoding="utf-8"?><testsuites><testsuite name="pytest" errors="3" failures="128" skipped="0" tests="131" time="11.855" timestamp="2025-05-28T13:41:28.793501+05:30" hostname="LAPTOP-QN95QQSP"><testcase classname="tests.test_deployment_admin_account_balance" name="test_verify_account_balance_page_elements[chromium-Test_1]" time="0.539"><failure message="ValueError: Environment is empty. Cannot build RevoSend URL.">environment_to_run = None, ontrack_username = None, ontrack_password = None, ontrack_login_page = &lt;pages.ontrack_login_page.OntrackLoginPage object at 0x000002442615E7B0&gt;
deployment_admin_account_balance_page = &lt;pages.deployment_admin_account_balance_page.DeploymentAdminAccountBalancePage object at 0x000002442615EBA0&gt;
tab_to_navigate = 'Account Balance', transaction_record_columns_title = ['Username', 'Account', 'Type', 'Previous Balance', 'Amount', 'New Balance', ...]
available_filter_options = ['All Transactions', 'Previous Month', 'Previous Week', 'Quarter-1 : Jan-March', 'Quarter-2 : April-June', 'Quarter-3 : July-September', ...]
select_role = 'Deployment Admin'

    @dictionary_parametrize(
        {
            "Test_1": DeploymentAdminAccountBalanceParams.Test_1,
        }
    )
    @qase.title("Verify account balance page elements")
    # @qase.id(2)
    @qase.fields(
        ("severity", "major"),
        ("priority", "high"),
        (
                "description",
                "Verify all available fields on deployments list page",
        ),
    )
    def test_verify_account_balance_page_elements(
            environment_to_run,
            ontrack_username,
            ontrack_password,
            ontrack_login_page,
            deployment_admin_account_balance_page,
            tab_to_navigate,
            transaction_record_columns_title,
            available_filter_options,
            select_role,
    ):
        """
        Regression test for account balance page elements verification
        """
        # 1. Navigate to ontrack login page and verify all element of login page
&gt;       ontrack_login_page.open_and_verify_ontrack_login_page(
            environment_to_run, ontrack_username, ontrack_password
        )

tests\test_deployment_admin_account_balance.py:40: 
_ _ _ _ _ _ _ _ _ _ _ _ _ _ _ _ _ _ _ _ _ _ _ _ _ _ _ _ _ _ _ _ _ _ _ _ _ _ _ _ _ _ _ _ _ _ _ _ _ _ _ _ _ _ _ _ _ _ _ _ _ _ _ _ _ _ _ _ _ _ _ _ _ _ _ _ _ _ _ _ _ _ _ _ _ _ _ _ _ _
utilities\decorators.py:14: in wrapper_decorator
    value = func(self, *args, **kwargs)
C:\Users\tejas\AppData\Local\Programs\Python\Python313\Lib\contextlib.py:85: in inner
    return func(*args, **kwds)
pages\ontrack_login_page.py:89: in open_and_verify_ontrack_login_page
    self.open_revosend(environment_to_run)
_ _ _ _ _ _ _ _ _ _ _ _ _ _ _ _ _ _ _ _ _ _ _ _ _ _ _ _ _ _ _ _ _ _ _ _ _ _ _ _ _ _ _ _ _ _ _ _ _ _ _ _ _ _ _ _ _ _ _ _ _ _ _ _ _ _ _ _ _ _ _ _ _ _ _ _ _ _ _ _ _ _ _ _ _ _ _ _ _ _

self = &lt;pages.ontrack_login_page.OntrackLoginPage object at 0x000002442615E7B0&gt;, environment_to_run = None

    def open_revosend(self, environment_to_run):
        """
        Open the RevoSend login page.
        :param environment_to_run: e.g., 'test', 'stage', 'prod'
        """
        env = utils.login_form_run_environment(environment_to_run)
    
        if not env:
&gt;           raise ValueError("Environment is empty. Cannot build RevoSend URL.")
E           ValueError: Environment is empty. Cannot build RevoSend URL.

pages\ontrack_login_page.py:60: ValueError</failure></testcase><testcase classname="tests.test_deployment_admin_account_balance" name="test_apply_filter_on_transactions_record_and_verify_data[chromium-Test_2]" time="0.068"><failure message="ValueError: Environment is empty. Cannot build RevoSend URL.">environment_to_run = None, ontrack_username = None, ontrack_password = None, ontrack_login_page = &lt;pages.ontrack_login_page.OntrackLoginPage object at 0x00000244261EB890&gt;
deployment_admin_account_balance_page = &lt;pages.deployment_admin_account_balance_page.DeploymentAdminAccountBalancePage object at 0x00000244261EB9D0&gt;
tab_to_navigate = 'Account Balance'
available_filter_options = ['All Transactions', 'Previous Month', 'Previous Week', 'Quarter-1 : Jan-March', 'Quarter-2 : April-June', 'Quarter-3 : July-September', ...]
select_role = 'Deployment Admin'

    @dictionary_parametrize(
        {
            "Test_2": DeploymentAdminAccountBalanceParams.Test_2,
        }
    )
    @qase.title(
        "Verify and apply all available filter on transaction record of account balance page"
    )
    # @qase.id(2)
    @qase.fields(
        ("severity", "major"),
        ("priority", "high"),
        (
                "description",
                "Verify filtered data",
        ),
    )
    def test_apply_filter_on_transactions_record_and_verify_data(
            environment_to_run,
            ontrack_username,
            ontrack_password,
            ontrack_login_page,
            deployment_admin_account_balance_page,
            tab_to_navigate,
            available_filter_options,
            select_role,
    ):
        """
        Regression test for account balance  filter options verification
        """
        # 1. Navigate to ontrack login page and verify all element of login page
&gt;       ontrack_login_page.open_and_verify_ontrack_login_page(
            environment_to_run, ontrack_username, ontrack_password
        )

tests\test_deployment_admin_account_balance.py:89: 
_ _ _ _ _ _ _ _ _ _ _ _ _ _ _ _ _ _ _ _ _ _ _ _ _ _ _ _ _ _ _ _ _ _ _ _ _ _ _ _ _ _ _ _ _ _ _ _ _ _ _ _ _ _ _ _ _ _ _ _ _ _ _ _ _ _ _ _ _ _ _ _ _ _ _ _ _ _ _ _ _ _ _ _ _ _ _ _ _ _
utilities\decorators.py:14: in wrapper_decorator
    value = func(self, *args, **kwargs)
C:\Users\tejas\AppData\Local\Programs\Python\Python313\Lib\contextlib.py:85: in inner
    return func(*args, **kwds)
pages\ontrack_login_page.py:89: in open_and_verify_ontrack_login_page
    self.open_revosend(environment_to_run)
_ _ _ _ _ _ _ _ _ _ _ _ _ _ _ _ _ _ _ _ _ _ _ _ _ _ _ _ _ _ _ _ _ _ _ _ _ _ _ _ _ _ _ _ _ _ _ _ _ _ _ _ _ _ _ _ _ _ _ _ _ _ _ _ _ _ _ _ _ _ _ _ _ _ _ _ _ _ _ _ _ _ _ _ _ _ _ _ _ _

self = &lt;pages.ontrack_login_page.OntrackLoginPage object at 0x00000244261EB890&gt;, environment_to_run = None

    def open_revosend(self, environment_to_run):
        """
        Open the RevoSend login page.
        :param environment_to_run: e.g., 'test', 'stage', 'prod'
        """
        env = utils.login_form_run_environment(environment_to_run)
    
        if not env:
&gt;           raise ValueError("Environment is empty. Cannot build RevoSend URL.")
E           ValueError: Environment is empty. Cannot build RevoSend URL.

pages\ontrack_login_page.py:60: ValueError</failure></testcase><testcase classname="tests.test_deployment_admin_account_balance" name="test_verify_schedule_deposits_page_elements[chromium-Test_3]" time="0.065"><failure message="ValueError: Environment is empty. Cannot build RevoSend URL.">environment_to_run = None, ontrack_username = None, ontrack_password = None, ontrack_login_page = &lt;pages.ontrack_login_page.OntrackLoginPage object at 0x0000024426541950&gt;
deployment_admin_account_balance_page = &lt;pages.deployment_admin_account_balance_page.DeploymentAdminAccountBalancePage object at 0x0000024426541A90&gt;
tab_to_navigate = 'Account Balance', account_balance_page_tab = 'Schedule Deposits', select_role = 'Deployment Admin'

    @dictionary_parametrize(
        {
            "Test_3": DeploymentAdminAccountBalanceParams.Test_3,
        }
    )
    @qase.title("Verify schedule deposits page elements")
    # @qase.id(2)
    @qase.fields(
        ("severity", "major"),
        ("priority", "high"),
        (
                "description",
                "Verify schedule deposits page elements",
        ),
    )
    def test_verify_schedule_deposits_page_elements(
            environment_to_run,
            ontrack_username,
            ontrack_password,
            ontrack_login_page,
            deployment_admin_account_balance_page,
            tab_to_navigate,
            account_balance_page_tab,
            select_role,
    ):
        """
        Regression test for schedule deposits fields verification
        """
        # 1. Navigate to ontrack login page and verify all element of login page
&gt;       ontrack_login_page.open_and_verify_ontrack_login_page(
            environment_to_run, ontrack_username, ontrack_password
        )

tests\test_deployment_admin_account_balance.py:135: 
_ _ _ _ _ _ _ _ _ _ _ _ _ _ _ _ _ _ _ _ _ _ _ _ _ _ _ _ _ _ _ _ _ _ _ _ _ _ _ _ _ _ _ _ _ _ _ _ _ _ _ _ _ _ _ _ _ _ _ _ _ _ _ _ _ _ _ _ _ _ _ _ _ _ _ _ _ _ _ _ _ _ _ _ _ _ _ _ _ _
utilities\decorators.py:14: in wrapper_decorator
    value = func(self, *args, **kwargs)
C:\Users\tejas\AppData\Local\Programs\Python\Python313\Lib\contextlib.py:85: in inner
    return func(*args, **kwds)
pages\ontrack_login_page.py:89: in open_and_verify_ontrack_login_page
    self.open_revosend(environment_to_run)
_ _ _ _ _ _ _ _ _ _ _ _ _ _ _ _ _ _ _ _ _ _ _ _ _ _ _ _ _ _ _ _ _ _ _ _ _ _ _ _ _ _ _ _ _ _ _ _ _ _ _ _ _ _ _ _ _ _ _ _ _ _ _ _ _ _ _ _ _ _ _ _ _ _ _ _ _ _ _ _ _ _ _ _ _ _ _ _ _ _

self = &lt;pages.ontrack_login_page.OntrackLoginPage object at 0x0000024426541950&gt;, environment_to_run = None

    def open_revosend(self, environment_to_run):
        """
        Open the RevoSend login page.
        :param environment_to_run: e.g., 'test', 'stage', 'prod'
        """
        env = utils.login_form_run_environment(environment_to_run)
    
        if not env:
&gt;           raise ValueError("Environment is empty. Cannot build RevoSend URL.")
E           ValueError: Environment is empty. Cannot build RevoSend URL.

pages\ontrack_login_page.py:60: ValueError</failure></testcase><testcase classname="tests.test_deployment_admin_account_balance" name="test_add_minium_account_balance_and_verify_it_in_current_auto_refills[chromium-Test_4]" time="0.065"><failure message="ValueError: Environment is empty. Cannot build RevoSend URL.">environment_to_run = None, ontrack_username = None, ontrack_password = None, ontrack_login_page = &lt;pages.ontrack_login_page.OntrackLoginPage object at 0x0000024426524510&gt;
deployment_admin_account_balance_page = &lt;pages.deployment_admin_account_balance_page.DeploymentAdminAccountBalancePage object at 0x0000024426541D10&gt;
tab_to_navigate = 'Account Balance', account_balance_page_tab = 'Schedule Deposits', select_role = 'Deployment Admin'
confirm_message = 'Are you sure you would like to submit this change?', below_amount = '1', auto_fund_amount = '1', new_auto_fund_amount = '2'
confirm_message_of_auto_refill_deletion = 'Are you sure you want to cancel this Auto refill?'

    @dictionary_parametrize(
        {
            "Test_4": DeploymentAdminAccountBalanceParams.Test_4,
        }
    )
    @qase.title("Verify minimum account balance functionality on schedule deposits page")
    # @qase.id(2)
    @qase.fields(
        ("severity", "major"),
        ("priority", "high"),
        (
                "description",
                "Verify that the minimum account balance is added and reflected in current auto refills on the schedule deposits page",
        ),
    )
    def test_add_minium_account_balance_and_verify_it_in_current_auto_refills(
            environment_to_run,
            ontrack_username,
            ontrack_password,
            ontrack_login_page,
            deployment_admin_account_balance_page,
            tab_to_navigate,
            account_balance_page_tab,
            select_role,
            confirm_message,
            below_amount,
            auto_fund_amount,
            new_auto_fund_amount,
            confirm_message_of_auto_refill_deletion,
    ):
        """
        Regression test for the minium account balance
        """
        # 1. Navigate to ontrack login page and verify all element of login page
&gt;       ontrack_login_page.open_and_verify_ontrack_login_page(
            environment_to_run, ontrack_username, ontrack_password
        )

tests\test_deployment_admin_account_balance.py:186: 
_ _ _ _ _ _ _ _ _ _ _ _ _ _ _ _ _ _ _ _ _ _ _ _ _ _ _ _ _ _ _ _ _ _ _ _ _ _ _ _ _ _ _ _ _ _ _ _ _ _ _ _ _ _ _ _ _ _ _ _ _ _ _ _ _ _ _ _ _ _ _ _ _ _ _ _ _ _ _ _ _ _ _ _ _ _ _ _ _ _
utilities\decorators.py:14: in wrapper_decorator
    value = func(self, *args, **kwargs)
C:\Users\tejas\AppData\Local\Programs\Python\Python313\Lib\contextlib.py:85: in inner
    return func(*args, **kwds)
pages\ontrack_login_page.py:89: in open_and_verify_ontrack_login_page
    self.open_revosend(environment_to_run)
_ _ _ _ _ _ _ _ _ _ _ _ _ _ _ _ _ _ _ _ _ _ _ _ _ _ _ _ _ _ _ _ _ _ _ _ _ _ _ _ _ _ _ _ _ _ _ _ _ _ _ _ _ _ _ _ _ _ _ _ _ _ _ _ _ _ _ _ _ _ _ _ _ _ _ _ _ _ _ _ _ _ _ _ _ _ _ _ _ _

self = &lt;pages.ontrack_login_page.OntrackLoginPage object at 0x0000024426524510&gt;, environment_to_run = None

    def open_revosend(self, environment_to_run):
        """
        Open the RevoSend login page.
        :param environment_to_run: e.g., 'test', 'stage', 'prod'
        """
        env = utils.login_form_run_environment(environment_to_run)
    
        if not env:
&gt;           raise ValueError("Environment is empty. Cannot build RevoSend URL.")
E           ValueError: Environment is empty. Cannot build RevoSend URL.

pages\ontrack_login_page.py:60: ValueError</failure></testcase><testcase classname="tests.test_deployment_admin_account_balance" name="test_add_set_up_new_auto_refill_and_verify_it_in_current_auto_refills[chromium-Test_5]" time="0.064"><failure message="ValueError: Environment is empty. Cannot build RevoSend URL.">environment_to_run = None, ontrack_username = None, ontrack_password = None, ontrack_login_page = &lt;pages.ontrack_login_page.OntrackLoginPage object at 0x00000244260C9E00&gt;
deployment_admin_account_balance_page = &lt;pages.deployment_admin_account_balance_page.DeploymentAdminAccountBalancePage object at 0x00000244261EB890&gt;
tab_to_navigate = 'Account Balance', account_balance_page_tab = 'Schedule Deposits', select_role = 'Deployment Admin'
confirm_message = 'Are you sure you would like to submit this change?', below_amount = '1', select_occurence = 'Monthly', new_auto_fund_amount = '2'
confirm_message_of_auto_refill_deletion = 'Are you sure you want to cancel this Auto refill?'

    @dictionary_parametrize(
        {
            "Test_5": DeploymentAdminAccountBalanceParams.Test_5,
        }
    )
    @qase.title("Verify set up new auto refill functionality on schedule deposits page")
    # @qase.id(2)
    @qase.fields(
        ("severity", "major"),
        ("priority", "high"),
        (
                "description",
                "Verify that the added new refill is added and reflected in current auto refills on the schedule deposits page",
        ),
    )
    def test_add_set_up_new_auto_refill_and_verify_it_in_current_auto_refills(
            environment_to_run,
            ontrack_username,
            ontrack_password,
            ontrack_login_page,
            deployment_admin_account_balance_page,
            tab_to_navigate,
            account_balance_page_tab,
            select_role,
            confirm_message,
            below_amount,
            select_occurence,
            new_auto_fund_amount,
            confirm_message_of_auto_refill_deletion,
    ):
        """
        Regression test for the set up new auto refill
        """
        # 1. Navigate to ontrack login page and verify all element of login page
&gt;       ontrack_login_page.open_and_verify_ontrack_login_page(
            environment_to_run, ontrack_username, ontrack_password
        )

tests\test_deployment_admin_account_balance.py:245: 
_ _ _ _ _ _ _ _ _ _ _ _ _ _ _ _ _ _ _ _ _ _ _ _ _ _ _ _ _ _ _ _ _ _ _ _ _ _ _ _ _ _ _ _ _ _ _ _ _ _ _ _ _ _ _ _ _ _ _ _ _ _ _ _ _ _ _ _ _ _ _ _ _ _ _ _ _ _ _ _ _ _ _ _ _ _ _ _ _ _
utilities\decorators.py:14: in wrapper_decorator
    value = func(self, *args, **kwargs)
C:\Users\tejas\AppData\Local\Programs\Python\Python313\Lib\contextlib.py:85: in inner
    return func(*args, **kwds)
pages\ontrack_login_page.py:89: in open_and_verify_ontrack_login_page
    self.open_revosend(environment_to_run)
_ _ _ _ _ _ _ _ _ _ _ _ _ _ _ _ _ _ _ _ _ _ _ _ _ _ _ _ _ _ _ _ _ _ _ _ _ _ _ _ _ _ _ _ _ _ _ _ _ _ _ _ _ _ _ _ _ _ _ _ _ _ _ _ _ _ _ _ _ _ _ _ _ _ _ _ _ _ _ _ _ _ _ _ _ _ _ _ _ _

self = &lt;pages.ontrack_login_page.OntrackLoginPage object at 0x00000244260C9E00&gt;, environment_to_run = None

    def open_revosend(self, environment_to_run):
        """
        Open the RevoSend login page.
        :param environment_to_run: e.g., 'test', 'stage', 'prod'
        """
        env = utils.login_form_run_environment(environment_to_run)
    
        if not env:
&gt;           raise ValueError("Environment is empty. Cannot build RevoSend URL.")
E           ValueError: Environment is empty. Cannot build RevoSend URL.

pages\ontrack_login_page.py:60: ValueError</failure></testcase><testcase classname="tests.test_deployment_admin_account_balance" name="test_add_new_card_functionality[chromium-Test_6]" time="0.071"><failure message="ValueError: Environment is empty. Cannot build RevoSend URL.">environment_to_run = None, ontrack_username = None, select_role = 'Deployment Admin'
deployment_admin_account_balance_page = &lt;pages.deployment_admin_account_balance_page.DeploymentAdminAccountBalancePage object at 0x00000244261EB250&gt;, ontrack_password = None
tab_to_navigate = 'Account Balance', ontrack_login_page = &lt;pages.ontrack_login_page.OntrackLoginPage object at 0x0000024426159D90&gt;, account_balance_page_tab = 'Payment Method'
card_number = '5063516945005047', cvv = '234', expiry_date = '09/26', name_on_card = 'Gkwmex Ikloul', name = 'Gkwmex', addressline1 = '1306 E Belt Line Rd', city = 'Richardson'
zip = '75081', delete_message_text = 'Card deleted successfully', success_message_text = 'New card added successfully!', state_to_select = 'Texas'

    @dictionary_parametrize(
        {
            "Test_6": DeploymentAdminAccountBalanceParams.Test_6,
        }
    )
    @qase.title(
        "Verify add new card feature inside the payment method tab of account balance"
    )
    # @qase.id(2)
    @qase.fields(
        ("severity", "major"),
        ("priority", "high"),
        (
                "description",
                "Verify and add add new card feature inside the payment method tab of account balance",
        ),
    )
    def test_add_new_card_functionality(
            environment_to_run,
            ontrack_username,
            select_role,
            deployment_admin_account_balance_page,
            ontrack_password,
            tab_to_navigate,
            ontrack_login_page,
            account_balance_page_tab,
            card_number,
            cvv,
            expiry_date,
            name_on_card,
            name,
            addressline1,
            city,
            zip,
            delete_message_text,
            success_message_text,
            state_to_select,
    ):
        """
        Verify and test add new card feature inside the payment method
        """
        # 1. Navigate to ontrack login page and verify all element of login page
&gt;       ontrack_login_page.open_and_verify_ontrack_login_page(
            environment_to_run, ontrack_username, ontrack_password
        )

tests\test_deployment_admin_account_balance.py:312: 
_ _ _ _ _ _ _ _ _ _ _ _ _ _ _ _ _ _ _ _ _ _ _ _ _ _ _ _ _ _ _ _ _ _ _ _ _ _ _ _ _ _ _ _ _ _ _ _ _ _ _ _ _ _ _ _ _ _ _ _ _ _ _ _ _ _ _ _ _ _ _ _ _ _ _ _ _ _ _ _ _ _ _ _ _ _ _ _ _ _
utilities\decorators.py:14: in wrapper_decorator
    value = func(self, *args, **kwargs)
C:\Users\tejas\AppData\Local\Programs\Python\Python313\Lib\contextlib.py:85: in inner
    return func(*args, **kwds)
pages\ontrack_login_page.py:89: in open_and_verify_ontrack_login_page
    self.open_revosend(environment_to_run)
_ _ _ _ _ _ _ _ _ _ _ _ _ _ _ _ _ _ _ _ _ _ _ _ _ _ _ _ _ _ _ _ _ _ _ _ _ _ _ _ _ _ _ _ _ _ _ _ _ _ _ _ _ _ _ _ _ _ _ _ _ _ _ _ _ _ _ _ _ _ _ _ _ _ _ _ _ _ _ _ _ _ _ _ _ _ _ _ _ _

self = &lt;pages.ontrack_login_page.OntrackLoginPage object at 0x0000024426159D90&gt;, environment_to_run = None

    def open_revosend(self, environment_to_run):
        """
        Open the RevoSend login page.
        :param environment_to_run: e.g., 'test', 'stage', 'prod'
        """
        env = utils.login_form_run_environment(environment_to_run)
    
        if not env:
&gt;           raise ValueError("Environment is empty. Cannot build RevoSend URL.")
E           ValueError: Environment is empty. Cannot build RevoSend URL.

pages\ontrack_login_page.py:60: ValueError</failure></testcase><testcase classname="tests.test_deployment_admin_account_balance" name="test_deposit_funds_functionality[chromium-Test_7]" time="0.066"><failure message="ValueError: Environment is empty. Cannot build RevoSend URL.">environment_to_run = None, ontrack_username = None, select_role = 'Deployment Admin'
deployment_admin_account_balance_page = &lt;pages.deployment_admin_account_balance_page.DeploymentAdminAccountBalancePage object at 0x00000244261EA850&gt;, ontrack_password = None
ontrack_login_page = &lt;pages.ontrack_login_page.OntrackLoginPage object at 0x00000244264C48D0&gt;, select_card = 'DINERS - 0004', tab_to_navigate = 'Account Balance'
amount_to_add = '5'

    @dictionary_parametrize(
        {
            "Test_7": DeploymentAdminAccountBalanceParams.Test_7,
        }
    )
    @qase.title("Verify deposit funds functionality")
    # @qase.id(2)
    @qase.fields(
        ("severity", "major"),
        ("priority", "high"),
        (
                "description",
                "deposit funds functionality should be working as expected and added funds get reflected in balance",
        ),
    )
    def test_deposit_funds_functionality(
            environment_to_run,
            ontrack_username,
            select_role,
            deployment_admin_account_balance_page,
            ontrack_password,
            ontrack_login_page,
            select_card,
            tab_to_navigate,
            amount_to_add,
    ):
        """
        Verify and test deposit funds functionality
        """
        # 1. Navigate to ontrack login page and verify all element of login page
&gt;       ontrack_login_page.open_and_verify_ontrack_login_page(
            environment_to_run, ontrack_username, ontrack_password
        )

tests\test_deployment_admin_account_balance.py:370: 
_ _ _ _ _ _ _ _ _ _ _ _ _ _ _ _ _ _ _ _ _ _ _ _ _ _ _ _ _ _ _ _ _ _ _ _ _ _ _ _ _ _ _ _ _ _ _ _ _ _ _ _ _ _ _ _ _ _ _ _ _ _ _ _ _ _ _ _ _ _ _ _ _ _ _ _ _ _ _ _ _ _ _ _ _ _ _ _ _ _
utilities\decorators.py:14: in wrapper_decorator
    value = func(self, *args, **kwargs)
C:\Users\tejas\AppData\Local\Programs\Python\Python313\Lib\contextlib.py:85: in inner
    return func(*args, **kwds)
pages\ontrack_login_page.py:89: in open_and_verify_ontrack_login_page
    self.open_revosend(environment_to_run)
_ _ _ _ _ _ _ _ _ _ _ _ _ _ _ _ _ _ _ _ _ _ _ _ _ _ _ _ _ _ _ _ _ _ _ _ _ _ _ _ _ _ _ _ _ _ _ _ _ _ _ _ _ _ _ _ _ _ _ _ _ _ _ _ _ _ _ _ _ _ _ _ _ _ _ _ _ _ _ _ _ _ _ _ _ _ _ _ _ _

self = &lt;pages.ontrack_login_page.OntrackLoginPage object at 0x00000244264C48D0&gt;, environment_to_run = None

    def open_revosend(self, environment_to_run):
        """
        Open the RevoSend login page.
        :param environment_to_run: e.g., 'test', 'stage', 'prod'
        """
        env = utils.login_form_run_environment(environment_to_run)
    
        if not env:
&gt;           raise ValueError("Environment is empty. Cannot build RevoSend URL.")
E           ValueError: Environment is empty. Cannot build RevoSend URL.

pages\ontrack_login_page.py:60: ValueError</failure></testcase><testcase classname="tests.test_deployment_admin_connects" name="test_verify_connects_page_elements[chromium-Test_1]" time="0.071"><failure message="ValueError: Environment is empty. Cannot build RevoSend URL.">environment_to_run = None, ontrack_username = None, ontrack_password = None, ontrack_login_page = &lt;pages.ontrack_login_page.OntrackLoginPage object at 0x00000244264C7790&gt;
deployment_admin_connects_page = &lt;pages.deployment_admin_connects_page.DeploymentAdminConnectsPage object at 0x0000024425FDE660&gt;, side_navigation_item = 'Connects'
expected_title = 'Connects', filter_label = 'Filter:', filter_default_value = 'all_connects', headers_text = ['Name', 'Desc.', 'Start Date', 'End Date', 'Gift Type', 'Status', ...]
search_placeholder = 'Input Search Text'

    @dictionary_parametrize(
        {
            "Test_1": DeploymentsConnectsData.Test_1,
        }
    )
    @qase.title("Verify connects page elements")
    # @qase.id(2)
    @qase.fields(
        ("severity", "major"),
        ("priority", "high"),
        (
            "description",
            "Verify all available fields on connects page",
        ),
    )
    def test_verify_connects_page_elements(
        environment_to_run,
        ontrack_username,
        ontrack_password,
        ontrack_login_page,
        deployment_admin_connects_page,
        side_navigation_item,
        expected_title,
        filter_label,
        filter_default_value,
        headers_text,
        search_placeholder,
    ):
        """
        Regression test for connects page elements verification
        """
        # 1. Navigate to ontrack login page and verify all element of login page
&gt;       ontrack_login_page.open_and_verify_ontrack_login_page(
            environment_to_run, ontrack_username, ontrack_password
        )

tests\test_deployment_admin_connects.py:41: 
_ _ _ _ _ _ _ _ _ _ _ _ _ _ _ _ _ _ _ _ _ _ _ _ _ _ _ _ _ _ _ _ _ _ _ _ _ _ _ _ _ _ _ _ _ _ _ _ _ _ _ _ _ _ _ _ _ _ _ _ _ _ _ _ _ _ _ _ _ _ _ _ _ _ _ _ _ _ _ _ _ _ _ _ _ _ _ _ _ _
utilities\decorators.py:14: in wrapper_decorator
    value = func(self, *args, **kwargs)
C:\Users\tejas\AppData\Local\Programs\Python\Python313\Lib\contextlib.py:85: in inner
    return func(*args, **kwds)
pages\ontrack_login_page.py:89: in open_and_verify_ontrack_login_page
    self.open_revosend(environment_to_run)
_ _ _ _ _ _ _ _ _ _ _ _ _ _ _ _ _ _ _ _ _ _ _ _ _ _ _ _ _ _ _ _ _ _ _ _ _ _ _ _ _ _ _ _ _ _ _ _ _ _ _ _ _ _ _ _ _ _ _ _ _ _ _ _ _ _ _ _ _ _ _ _ _ _ _ _ _ _ _ _ _ _ _ _ _ _ _ _ _ _

self = &lt;pages.ontrack_login_page.OntrackLoginPage object at 0x00000244264C7790&gt;, environment_to_run = None

    def open_revosend(self, environment_to_run):
        """
        Open the RevoSend login page.
        :param environment_to_run: e.g., 'test', 'stage', 'prod'
        """
        env = utils.login_form_run_environment(environment_to_run)
    
        if not env:
&gt;           raise ValueError("Environment is empty. Cannot build RevoSend URL.")
E           ValueError: Environment is empty. Cannot build RevoSend URL.

pages\ontrack_login_page.py:60: ValueError</failure></testcase><testcase classname="tests.test_deployment_admin_connects" name="test_apply_filter_on_connects_data[chromium-Test_2]" time="0.074"><failure message="ValueError: Environment is empty. Cannot build RevoSend URL.">environment_to_run = None, ontrack_username = None, ontrack_password = None, ontrack_login_page = &lt;pages.ontrack_login_page.OntrackLoginPage object at 0x000002442657C250&gt;
deployment_admin_connects_page = &lt;pages.deployment_admin_connects_page.DeploymentAdminConnectsPage object at 0x0000024426541E50&gt;, side_navigation_item = 'Connects'
available_filter_options = ['All Connects', 'Active Connects', 'Inactive Connects', 'Custom']
expected_statuses = {'Active Users': ['Active'], 'All Users': ['Active', 'Inactive'], 'Suspended Users': ['Inactive']}

    @dictionary_parametrize(
        {
            "Test_2": DeploymentsConnectsData.Test_2,
        }
    )
    @qase.title("Apply filter on connects data and verify filtered data on connects")
    # @qase.id(2)
    @qase.fields(
        ("severity", "major"),
        ("priority", "high"),
        (
            "description",
            "Apply filter on connects data and verify filtered data on connects",
        ),
    )
    def test_apply_filter_on_connects_data(
        environment_to_run,
        ontrack_username,
        ontrack_password,
        ontrack_login_page,
        #role_to_change,
        deployment_admin_connects_page,
        side_navigation_item,
        available_filter_options,
        expected_statuses,
    ):
        """
        Regression test for connects filter functionality
        """
        # 1. Navigate to ontrack login page and verify all element of login page
&gt;       ontrack_login_page.open_and_verify_ontrack_login_page(
            environment_to_run, ontrack_username, ontrack_password
        )

tests\test_deployment_admin_connects.py:94: 
_ _ _ _ _ _ _ _ _ _ _ _ _ _ _ _ _ _ _ _ _ _ _ _ _ _ _ _ _ _ _ _ _ _ _ _ _ _ _ _ _ _ _ _ _ _ _ _ _ _ _ _ _ _ _ _ _ _ _ _ _ _ _ _ _ _ _ _ _ _ _ _ _ _ _ _ _ _ _ _ _ _ _ _ _ _ _ _ _ _
utilities\decorators.py:14: in wrapper_decorator
    value = func(self, *args, **kwargs)
C:\Users\tejas\AppData\Local\Programs\Python\Python313\Lib\contextlib.py:85: in inner
    return func(*args, **kwds)
pages\ontrack_login_page.py:89: in open_and_verify_ontrack_login_page
    self.open_revosend(environment_to_run)
_ _ _ _ _ _ _ _ _ _ _ _ _ _ _ _ _ _ _ _ _ _ _ _ _ _ _ _ _ _ _ _ _ _ _ _ _ _ _ _ _ _ _ _ _ _ _ _ _ _ _ _ _ _ _ _ _ _ _ _ _ _ _ _ _ _ _ _ _ _ _ _ _ _ _ _ _ _ _ _ _ _ _ _ _ _ _ _ _ _

self = &lt;pages.ontrack_login_page.OntrackLoginPage object at 0x000002442657C250&gt;, environment_to_run = None

    def open_revosend(self, environment_to_run):
        """
        Open the RevoSend login page.
        :param environment_to_run: e.g., 'test', 'stage', 'prod'
        """
        env = utils.login_form_run_environment(environment_to_run)
    
        if not env:
&gt;           raise ValueError("Environment is empty. Cannot build RevoSend URL.")
E           ValueError: Environment is empty. Cannot build RevoSend URL.

pages\ontrack_login_page.py:60: ValueError</failure></testcase><testcase classname="tests.test_deployment_admin_connects" name="test_send_egift_single_item_via_email[chromium-Test_3]" time="0.065"><failure message="ValueError: Environment is empty. Cannot build RevoSend URL.">environment_to_run = None, ontrack_username = None, ontrack_password = None, ontrack_login_page = &lt;pages.ontrack_login_page.OntrackLoginPage object at 0x000002442657D750&gt;
menu_to_select = 'Connects', Select_Ontrack_Connect_Type = 'On Track eGift', Internal_Connect_Name = 'BAnvpcDpHD', Sender_Name = 'YWWkluXbob'
Connect_Description = 'flexible intuitive enterprise-grade next-gen scalable enterprise-grade cloud-based intuitive adaptive enterprise-grad... enterprise-grade high-performance intuitive enterprise-grade reliable high-performance adaptive automated cloud-based'
Start_Date = '2025-05-29', End_Date = '2025-06-20', Days_expires = '7 Days', Assign_token = 'TestName', via_email = 'Email', Success_message = 'Activate Connect Successfully'
deployment_admin_connects_page = &lt;pages.deployment_admin_connects_page.DeploymentAdminConnectsPage object at 0x00000244265411D0&gt;

    @dictionary_parametrize({
        "Test_3": DeploymentsConnectsData.Test_3})
    @qase.title("Verify Connect Creation with E-Gift (Single Item) via email")
    @qase.fields(
        ("severity", "major"),
        ("priority", "high"),
        ("description", "Verify Connect creation with an e-gift single item via email."),
    )
    def test_send_egift_single_item_via_email(
        environment_to_run,
        ontrack_username,
        ontrack_password,
        ontrack_login_page,
        #role_to_change,
        menu_to_select,
        Select_Ontrack_Connect_Type,
        Internal_Connect_Name,
        Sender_Name,
        Connect_Description,
        Start_Date,
        End_Date,
        Days_expires,
        Assign_token,
        via_email,
        Success_message,
        deployment_admin_connects_page,
    ):
        """
           Regression test to verify Connects creation with e-gift (single item).
           """
    
        # 1. Navigate to OnTrack login page
&gt;       ontrack_login_page.open_and_verify_ontrack_login_page(
            environment_to_run, ontrack_username, ontrack_password
        )

tests\test_deployment_admin_connects.py:145: 
_ _ _ _ _ _ _ _ _ _ _ _ _ _ _ _ _ _ _ _ _ _ _ _ _ _ _ _ _ _ _ _ _ _ _ _ _ _ _ _ _ _ _ _ _ _ _ _ _ _ _ _ _ _ _ _ _ _ _ _ _ _ _ _ _ _ _ _ _ _ _ _ _ _ _ _ _ _ _ _ _ _ _ _ _ _ _ _ _ _
utilities\decorators.py:14: in wrapper_decorator
    value = func(self, *args, **kwargs)
C:\Users\tejas\AppData\Local\Programs\Python\Python313\Lib\contextlib.py:85: in inner
    return func(*args, **kwds)
pages\ontrack_login_page.py:89: in open_and_verify_ontrack_login_page
    self.open_revosend(environment_to_run)
_ _ _ _ _ _ _ _ _ _ _ _ _ _ _ _ _ _ _ _ _ _ _ _ _ _ _ _ _ _ _ _ _ _ _ _ _ _ _ _ _ _ _ _ _ _ _ _ _ _ _ _ _ _ _ _ _ _ _ _ _ _ _ _ _ _ _ _ _ _ _ _ _ _ _ _ _ _ _ _ _ _ _ _ _ _ _ _ _ _

self = &lt;pages.ontrack_login_page.OntrackLoginPage object at 0x000002442657D750&gt;, environment_to_run = None

    def open_revosend(self, environment_to_run):
        """
        Open the RevoSend login page.
        :param environment_to_run: e.g., 'test', 'stage', 'prod'
        """
        env = utils.login_form_run_environment(environment_to_run)
    
        if not env:
&gt;           raise ValueError("Environment is empty. Cannot build RevoSend URL.")
E           ValueError: Environment is empty. Cannot build RevoSend URL.

pages\ontrack_login_page.py:60: ValueError</failure></testcase><testcase classname="tests.test_deployment_admin_connects" name="test_send_egift_single_item_via_shareable_link[chromium-Test_4]" time="0.068"><failure message="ValueError: Environment is empty. Cannot build RevoSend URL.">environment_to_run = None, ontrack_username = None, ontrack_password = None, ontrack_login_page = &lt;pages.ontrack_login_page.OntrackLoginPage object at 0x0000024426646210&gt;
menu_to_select = 'Connects', Select_Ontrack_Connect_Type = 'On Track eGift', Internal_Connect_Name = 'uoKEBSHIyf', Sender_Name = 'lufjutnkqW'
Connect_Description = 'next-gen cloud-based real-time intuitive automated user-friendly reliable enterprise-grade high-performance user-friendly next-gen scalable innovative cloud-based user-friendly next-gen scalable high-performance real-time secure'
Start_Date = '2025-06-25', End_Date = '2025-06-29', Days_expires = '7 Days', Assign_token = 'TestName', via_shareable_link = 'Shareable Link'
Success_message = 'Activate Connect Successfully', deployment_admin_connects_page = &lt;pages.deployment_admin_connects_page.DeploymentAdminConnectsPage object at 0x00000244265416D0&gt;

    @dictionary_parametrize({"Test_4": DeploymentsConnectsData.Test_4})
    @qase.title("Verify Connect Creation with E-Gift (Single Item) via Shareable Link")
    @qase.fields(
        ("severity", "major"),
        ("priority", "high"),
        ("description", "Verify Connect creation with an e-gift single item via shareable link."),
    )
    
    def test_send_egift_single_item_via_shareable_link(
        environment_to_run,
        ontrack_username,
        ontrack_password,
        ontrack_login_page,
        menu_to_select,
        Select_Ontrack_Connect_Type,
        Internal_Connect_Name,
        Sender_Name,
        Connect_Description,
        Start_Date,
        End_Date,
        Days_expires,
        Assign_token,
        via_shareable_link,
        Success_message,
        deployment_admin_connects_page,
    ):
        """
           Regression test to verify Connects creation with e-gift (single item).
           """
    
        # 1. Navigate to OnTrack login page
&gt;       ontrack_login_page.open_and_verify_ontrack_login_page(
            environment_to_run, ontrack_username, ontrack_password
        )

tests\test_deployment_admin_connects.py:199: 
_ _ _ _ _ _ _ _ _ _ _ _ _ _ _ _ _ _ _ _ _ _ _ _ _ _ _ _ _ _ _ _ _ _ _ _ _ _ _ _ _ _ _ _ _ _ _ _ _ _ _ _ _ _ _ _ _ _ _ _ _ _ _ _ _ _ _ _ _ _ _ _ _ _ _ _ _ _ _ _ _ _ _ _ _ _ _ _ _ _
utilities\decorators.py:14: in wrapper_decorator
    value = func(self, *args, **kwargs)
C:\Users\tejas\AppData\Local\Programs\Python\Python313\Lib\contextlib.py:85: in inner
    return func(*args, **kwds)
pages\ontrack_login_page.py:89: in open_and_verify_ontrack_login_page
    self.open_revosend(environment_to_run)
_ _ _ _ _ _ _ _ _ _ _ _ _ _ _ _ _ _ _ _ _ _ _ _ _ _ _ _ _ _ _ _ _ _ _ _ _ _ _ _ _ _ _ _ _ _ _ _ _ _ _ _ _ _ _ _ _ _ _ _ _ _ _ _ _ _ _ _ _ _ _ _ _ _ _ _ _ _ _ _ _ _ _ _ _ _ _ _ _ _

self = &lt;pages.ontrack_login_page.OntrackLoginPage object at 0x0000024426646210&gt;, environment_to_run = None

    def open_revosend(self, environment_to_run):
        """
        Open the RevoSend login page.
        :param environment_to_run: e.g., 'test', 'stage', 'prod'
        """
        env = utils.login_form_run_environment(environment_to_run)
    
        if not env:
&gt;           raise ValueError("Environment is empty. Cannot build RevoSend URL.")
E           ValueError: Environment is empty. Cannot build RevoSend URL.

pages\ontrack_login_page.py:60: ValueError</failure></testcase><testcase classname="tests.test_deployment_admin_connects" name="test_send_egift_single_item_via_shareable_sms[chromium-Test_5]" time="0.065"><failure message="ValueError: Environment is empty. Cannot build RevoSend URL.">environment_to_run = None, ontrack_username = None, ontrack_password = None, ontrack_login_page = &lt;pages.ontrack_login_page.OntrackLoginPage object at 0x0000024426489220&gt;
menu_to_select = 'Connects', Select_Ontrack_Connect_Type = 'On Track eGift', Internal_Connect_Name = 'QnxUSbXniZ', Sender_Name = 'EGEojCPYuq'
Connect_Description = 'next-gen next-gen innovative adaptive cloud-based real-time reliable adaptive automated real-time secure cloud-based scalable scalable automated high-performance cloud-based adaptive intuitive next-gen'
Start_Date = '2025-06-11', End_Date = '2025-06-06', Days_expires = '7 Days', Assign_token = 'TestName', via_sms = 'SMS', Success_message = 'Activate Connect Successfully'
deployment_admin_connects_page = &lt;pages.deployment_admin_connects_page.DeploymentAdminConnectsPage object at 0x00000244261E8B90&gt;

    @dictionary_parametrize({
        "Test_5": DeploymentsConnectsData.Test_5})
    @qase.title("Verify Connect Creation with E-Gift (Single Item) via shareable sms")
    @qase.fields(
        ("severity", "major"),
        ("priority", "high"),
        ("description", "Verify Connect creation with an e-gift single item via shareable sms."),
    )
    def test_send_egift_single_item_via_shareable_sms(
        environment_to_run,
        ontrack_username,
        ontrack_password,
        ontrack_login_page,
        #role_to_change,
        menu_to_select,
        Select_Ontrack_Connect_Type,
        Internal_Connect_Name,
        Sender_Name,
        Connect_Description,
        Start_Date,
        End_Date,
        Days_expires,
        Assign_token,
        via_sms,
        Success_message,
        deployment_admin_connects_page,
    ):
        """
           Regression test to verify Connects creation with e-gift (single item).
           """
    
        # 1. Navigate to OnTrack login page
&gt;       ontrack_login_page.open_and_verify_ontrack_login_page(
            environment_to_run, ontrack_username, ontrack_password
        )

tests\test_deployment_admin_connects.py:254: 
_ _ _ _ _ _ _ _ _ _ _ _ _ _ _ _ _ _ _ _ _ _ _ _ _ _ _ _ _ _ _ _ _ _ _ _ _ _ _ _ _ _ _ _ _ _ _ _ _ _ _ _ _ _ _ _ _ _ _ _ _ _ _ _ _ _ _ _ _ _ _ _ _ _ _ _ _ _ _ _ _ _ _ _ _ _ _ _ _ _
utilities\decorators.py:14: in wrapper_decorator
    value = func(self, *args, **kwargs)
C:\Users\tejas\AppData\Local\Programs\Python\Python313\Lib\contextlib.py:85: in inner
    return func(*args, **kwds)
pages\ontrack_login_page.py:89: in open_and_verify_ontrack_login_page
    self.open_revosend(environment_to_run)
_ _ _ _ _ _ _ _ _ _ _ _ _ _ _ _ _ _ _ _ _ _ _ _ _ _ _ _ _ _ _ _ _ _ _ _ _ _ _ _ _ _ _ _ _ _ _ _ _ _ _ _ _ _ _ _ _ _ _ _ _ _ _ _ _ _ _ _ _ _ _ _ _ _ _ _ _ _ _ _ _ _ _ _ _ _ _ _ _ _

self = &lt;pages.ontrack_login_page.OntrackLoginPage object at 0x0000024426489220&gt;, environment_to_run = None

    def open_revosend(self, environment_to_run):
        """
        Open the RevoSend login page.
        :param environment_to_run: e.g., 'test', 'stage', 'prod'
        """
        env = utils.login_form_run_environment(environment_to_run)
    
        if not env:
&gt;           raise ValueError("Environment is empty. Cannot build RevoSend URL.")
E           ValueError: Environment is empty. Cannot build RevoSend URL.

pages\ontrack_login_page.py:60: ValueError</failure></testcase><testcase classname="tests.test_deployment_admin_connects" name="test_send_egift_single_item_via_sender_choice[chromium-Test_6]" time="0.064"><failure message="ValueError: Environment is empty. Cannot build RevoSend URL.">environment_to_run = None, ontrack_username = None, ontrack_password = None, ontrack_login_page = &lt;pages.ontrack_login_page.OntrackLoginPage object at 0x00000244260BFCB0&gt;
menu_to_select = 'Connects', Select_Ontrack_Connect_Type = 'On Track eGift', Internal_Connect_Name = 'QulxOGxTCM', Sender_Name = 'hgtNiOeyqe'
Connect_Description = 'automated flexible real-time next-gen automated innovative scalable innovative next-gen secure reliable user-friendly reliable scalable high-performance seamless next-gen flexible reliable real-time'
Start_Date = '2025-06-03', End_Date = '2025-06-25', Days_expires = '7 Days', Assign_token = 'TestName', via_sender_Choice = "Sender's Choice"
Success_message = 'Activate Connect Successfully', deployment_admin_connects_page = &lt;pages.deployment_admin_connects_page.DeploymentAdminConnectsPage object at 0x00000244261EAD50&gt;

    @dictionary_parametrize({
        "Test_6": DeploymentsConnectsData.Test_6})
    @qase.title("Verify Connect Creation with E-Gift (Single Item) via sender choice")
    @qase.fields(
        ("severity", "major"),
        ("priority", "high"),
        ("description", "Verify Connect creation with an e-gift single item via sender choice."),
    )
    def test_send_egift_single_item_via_sender_choice(
            environment_to_run,
            ontrack_username,
            ontrack_password,
            ontrack_login_page,
            # role_to_change,
            menu_to_select,
            Select_Ontrack_Connect_Type,
            Internal_Connect_Name,
            Sender_Name,
            Connect_Description,
            Start_Date,
            End_Date,
            Days_expires,
            Assign_token,
            via_sender_Choice,
            Success_message,
            deployment_admin_connects_page,
    ):
        """
           Regression test to verify Connects creation with e-gift (single item).
           """
    
        # 1. Navigate to OnTrack login page
&gt;       ontrack_login_page.open_and_verify_ontrack_login_page(
            environment_to_run, ontrack_username, ontrack_password
        )

tests\test_deployment_admin_connects.py:309: 
_ _ _ _ _ _ _ _ _ _ _ _ _ _ _ _ _ _ _ _ _ _ _ _ _ _ _ _ _ _ _ _ _ _ _ _ _ _ _ _ _ _ _ _ _ _ _ _ _ _ _ _ _ _ _ _ _ _ _ _ _ _ _ _ _ _ _ _ _ _ _ _ _ _ _ _ _ _ _ _ _ _ _ _ _ _ _ _ _ _
utilities\decorators.py:14: in wrapper_decorator
    value = func(self, *args, **kwargs)
C:\Users\tejas\AppData\Local\Programs\Python\Python313\Lib\contextlib.py:85: in inner
    return func(*args, **kwds)
pages\ontrack_login_page.py:89: in open_and_verify_ontrack_login_page
    self.open_revosend(environment_to_run)
_ _ _ _ _ _ _ _ _ _ _ _ _ _ _ _ _ _ _ _ _ _ _ _ _ _ _ _ _ _ _ _ _ _ _ _ _ _ _ _ _ _ _ _ _ _ _ _ _ _ _ _ _ _ _ _ _ _ _ _ _ _ _ _ _ _ _ _ _ _ _ _ _ _ _ _ _ _ _ _ _ _ _ _ _ _ _ _ _ _

self = &lt;pages.ontrack_login_page.OntrackLoginPage object at 0x00000244260BFCB0&gt;, environment_to_run = None

    def open_revosend(self, environment_to_run):
        """
        Open the RevoSend login page.
        :param environment_to_run: e.g., 'test', 'stage', 'prod'
        """
        env = utils.login_form_run_environment(environment_to_run)
    
        if not env:
&gt;           raise ValueError("Environment is empty. Cannot build RevoSend URL.")
E           ValueError: Environment is empty. Cannot build RevoSend URL.

pages\ontrack_login_page.py:60: ValueError</failure></testcase><testcase classname="tests.test_deployment_admin_connects" name="test_verify_connects_with_egift_range_item_functionality[chromium-Test_7]" time="0.064"><failure message="ValueError: Environment is empty. Cannot build RevoSend URL.">environment_to_run = None, ontrack_username = None, ontrack_password = None, ontrack_login_page = &lt;pages.ontrack_login_page.OntrackLoginPage object at 0x00000244265697F0&gt;
menu_to_select = 'Connects', Custom_Value = '57', Select_Ontrack_Connect_Type = 'On Track eGift', Internal_Connect_Name = 'cUbvBkVUTX', Sender_Name = 'lrRTROxScb'
Connect_Description = 'real-time enterprise-grade cloud-based innovative intuitive high-performance secure real-time next-gen high-performance intuitive user-friendly automated real-time enterprise-grade secure seamless flexible seamless real-time'
Start_Date = '2025-06-19', End_Date = '2025-06-24', Days_expires = '7 Days', Assign_token = 'TestName', Success_message = 'Activate Connect Successfully'
deployment_admin_connects_page = &lt;pages.deployment_admin_connects_page.DeploymentAdminConnectsPage object at 0x00000244261EB4D0&gt;

    @dictionary_parametrize({
        "Test_7": DeploymentsConnectsData.Test_7})
    @qase.title("Verify Connect Creation with E-Gift (Range Item)")
    @qase.fields(
        ("severity", "major"),
        ("priority", "high"),
        ("description", "Verify Connect creation with an e-gift range item."),
    )
    def test_verify_connects_with_egift_range_item_functionality(
            environment_to_run,
            ontrack_username,
            ontrack_password,
            ontrack_login_page,
            #role_to_change,
            menu_to_select,
            Custom_Value,
            Select_Ontrack_Connect_Type,
            Internal_Connect_Name,
            Sender_Name,
            Connect_Description,
            Start_Date,
            End_Date,
            Days_expires,
            Assign_token,
            Success_message,
            deployment_admin_connects_page):
        """
           Regression test to verify Connects creation with e-gift (Range item).
           """
    
        # 1. Navigate to OnTrack login page
&gt;       ontrack_login_page.open_and_verify_ontrack_login_page(
            environment_to_run, ontrack_username, ontrack_password
        )

tests\test_deployment_admin_connects.py:417: 
_ _ _ _ _ _ _ _ _ _ _ _ _ _ _ _ _ _ _ _ _ _ _ _ _ _ _ _ _ _ _ _ _ _ _ _ _ _ _ _ _ _ _ _ _ _ _ _ _ _ _ _ _ _ _ _ _ _ _ _ _ _ _ _ _ _ _ _ _ _ _ _ _ _ _ _ _ _ _ _ _ _ _ _ _ _ _ _ _ _
utilities\decorators.py:14: in wrapper_decorator
    value = func(self, *args, **kwargs)
C:\Users\tejas\AppData\Local\Programs\Python\Python313\Lib\contextlib.py:85: in inner
    return func(*args, **kwds)
pages\ontrack_login_page.py:89: in open_and_verify_ontrack_login_page
    self.open_revosend(environment_to_run)
_ _ _ _ _ _ _ _ _ _ _ _ _ _ _ _ _ _ _ _ _ _ _ _ _ _ _ _ _ _ _ _ _ _ _ _ _ _ _ _ _ _ _ _ _ _ _ _ _ _ _ _ _ _ _ _ _ _ _ _ _ _ _ _ _ _ _ _ _ _ _ _ _ _ _ _ _ _ _ _ _ _ _ _ _ _ _ _ _ _

self = &lt;pages.ontrack_login_page.OntrackLoginPage object at 0x00000244265697F0&gt;, environment_to_run = None

    def open_revosend(self, environment_to_run):
        """
        Open the RevoSend login page.
        :param environment_to_run: e.g., 'test', 'stage', 'prod'
        """
        env = utils.login_form_run_environment(environment_to_run)
    
        if not env:
&gt;           raise ValueError("Environment is empty. Cannot build RevoSend URL.")
E           ValueError: Environment is empty. Cannot build RevoSend URL.

pages\ontrack_login_page.py:60: ValueError</failure></testcase><testcase classname="tests.test_deployment_admin_connects" name="test_verify_connects_with_direct_2_prospect_functionality[chromium-Test_8]" time="0.068"><failure message="ValueError: Environment is empty. Cannot build RevoSend URL.">environment_to_run = None, ontrack_username = None, ontrack_password = None, ontrack_login_page = &lt;pages.ontrack_login_page.OntrackLoginPage object at 0x0000024426612DD0&gt;
menu_to_select = 'Connects', Select_Ontrack_Connect_Type = 'Marketplace', Internal_Connect_Name = 'rbgOMFEUgs', Sender_Name = 'xSljOpQVWB'
Connect_Description = 'secure enterprise-grade next-gen innovative user-friendly intuitive automated reliable seamless user-friendly user-friendly enterprise-grade scalable adaptive seamless seamless flexible scalable cloud-based seamless'
Start_Date = '2025-06-09', End_Date = '2025-06-16', Days_expires = '7 Days', Assign_token = 'TestName', Success_message = 'Activate Connect Successfully'
deployment_admin_connects_page = &lt;pages.deployment_admin_connects_page.DeploymentAdminConnectsPage object at 0x0000024426540690&gt;

    @dictionary_parametrize({
        "Test_8": DeploymentsConnectsData.Test_8
    })
    @qase.title("Verify Connect Creation with Direct to Prospect")
    @qase.fields(
        ("severity", "major"),
        ("priority", "high"),
        ("description", "Verify Connect creation using Direct to Prospect functionality."),
    )
    def test_verify_connects_with_direct_2_prospect_functionality(
        environment_to_run,
        ontrack_username,
        ontrack_password,
        ontrack_login_page,
        menu_to_select,
        Select_Ontrack_Connect_Type,
        Internal_Connect_Name,
        Sender_Name,
        Connect_Description,
        Start_Date,
        End_Date,
        Days_expires,
        Assign_token,
        Success_message,
        deployment_admin_connects_page,
    ):
        """
           Regression test to verify Connects creation with Direct to Prospect.
        """
    
        # 1. Navigate to OnTrack login page
&gt;       ontrack_login_page.open_and_verify_ontrack_login_page(
            environment_to_run, ontrack_username, ontrack_password
        )

tests\test_deployment_admin_connects.py:471: 
_ _ _ _ _ _ _ _ _ _ _ _ _ _ _ _ _ _ _ _ _ _ _ _ _ _ _ _ _ _ _ _ _ _ _ _ _ _ _ _ _ _ _ _ _ _ _ _ _ _ _ _ _ _ _ _ _ _ _ _ _ _ _ _ _ _ _ _ _ _ _ _ _ _ _ _ _ _ _ _ _ _ _ _ _ _ _ _ _ _
utilities\decorators.py:14: in wrapper_decorator
    value = func(self, *args, **kwargs)
C:\Users\tejas\AppData\Local\Programs\Python\Python313\Lib\contextlib.py:85: in inner
    return func(*args, **kwds)
pages\ontrack_login_page.py:89: in open_and_verify_ontrack_login_page
    self.open_revosend(environment_to_run)
_ _ _ _ _ _ _ _ _ _ _ _ _ _ _ _ _ _ _ _ _ _ _ _ _ _ _ _ _ _ _ _ _ _ _ _ _ _ _ _ _ _ _ _ _ _ _ _ _ _ _ _ _ _ _ _ _ _ _ _ _ _ _ _ _ _ _ _ _ _ _ _ _ _ _ _ _ _ _ _ _ _ _ _ _ _ _ _ _ _

self = &lt;pages.ontrack_login_page.OntrackLoginPage object at 0x0000024426612DD0&gt;, environment_to_run = None

    def open_revosend(self, environment_to_run):
        """
        Open the RevoSend login page.
        :param environment_to_run: e.g., 'test', 'stage', 'prod'
        """
        env = utils.login_form_run_environment(environment_to_run)
    
        if not env:
&gt;           raise ValueError("Environment is empty. Cannot build RevoSend URL.")
E           ValueError: Environment is empty. Cannot build RevoSend URL.

pages\ontrack_login_page.py:60: ValueError</failure></testcase><testcase classname="tests.test_deployment_admin_connects" name="test_verify_edit_connect_page_elements_single_item_add[chromium-Test_9]" time="0.063"><failure message="ValueError: Environment is empty. Cannot build RevoSend URL.">environment_to_run = None, ontrack_username = None, ontrack_password = None, ontrack_login_page = &lt;pages.ontrack_login_page.OntrackLoginPage object at 0x000002442664C350&gt;
menu_to_select = 'Connects', success_message_text = 'Edit Connect Successfully'
deployment_admin_connects_page = &lt;pages.deployment_admin_connects_page.DeploymentAdminConnectsPage object at 0x0000024426541E50&gt;

    @dictionary_parametrize({
        "Test_9": DeploymentsConnectsData.Test_9})
    @qase.title("Verify Edit Connect Page Elements - Single Item Add")
    @qase.fields(
        ("severity", "major"),
        ("priority", "high"),
        ("description", "Verify the edit connect page elements when adding a single item."),
    )
    def test_verify_edit_connect_page_elements_single_item_add(
        environment_to_run,
        ontrack_username,
        ontrack_password,
        ontrack_login_page,
        menu_to_select,
        success_message_text,
        deployment_admin_connects_page,
    ):
        """
        Test to verify the edit connect page elements when adding a single item.
        """
        # 1. Navigate to OnTrack login page
&gt;       ontrack_login_page.open_and_verify_ontrack_login_page(
            environment_to_run, ontrack_username, ontrack_password
        )

tests\test_deployment_admin_connects.py:512: 
_ _ _ _ _ _ _ _ _ _ _ _ _ _ _ _ _ _ _ _ _ _ _ _ _ _ _ _ _ _ _ _ _ _ _ _ _ _ _ _ _ _ _ _ _ _ _ _ _ _ _ _ _ _ _ _ _ _ _ _ _ _ _ _ _ _ _ _ _ _ _ _ _ _ _ _ _ _ _ _ _ _ _ _ _ _ _ _ _ _
utilities\decorators.py:14: in wrapper_decorator
    value = func(self, *args, **kwargs)
C:\Users\tejas\AppData\Local\Programs\Python\Python313\Lib\contextlib.py:85: in inner
    return func(*args, **kwds)
pages\ontrack_login_page.py:89: in open_and_verify_ontrack_login_page
    self.open_revosend(environment_to_run)
_ _ _ _ _ _ _ _ _ _ _ _ _ _ _ _ _ _ _ _ _ _ _ _ _ _ _ _ _ _ _ _ _ _ _ _ _ _ _ _ _ _ _ _ _ _ _ _ _ _ _ _ _ _ _ _ _ _ _ _ _ _ _ _ _ _ _ _ _ _ _ _ _ _ _ _ _ _ _ _ _ _ _ _ _ _ _ _ _ _

self = &lt;pages.ontrack_login_page.OntrackLoginPage object at 0x000002442664C350&gt;, environment_to_run = None

    def open_revosend(self, environment_to_run):
        """
        Open the RevoSend login page.
        :param environment_to_run: e.g., 'test', 'stage', 'prod'
        """
        env = utils.login_form_run_environment(environment_to_run)
    
        if not env:
&gt;           raise ValueError("Environment is empty. Cannot build RevoSend URL.")
E           ValueError: Environment is empty. Cannot build RevoSend URL.

pages\ontrack_login_page.py:60: ValueError</failure></testcase><testcase classname="tests.test_deployment_admin_connects" name="test_verify_edit_connect_page_elements_range_item_add[chromium-Test_10]" time="0.070"><failure message="ValueError: Environment is empty. Cannot build RevoSend URL.">environment_to_run = None, ontrack_username = None, ontrack_password = None, ontrack_login_page = &lt;pages.ontrack_login_page.OntrackLoginPage object at 0x000002442664D490&gt;
menu_to_select = 'Connects', Custom_Value = '66', success_message_text = 'Edit Connect Successfully'
deployment_admin_connects_page = &lt;pages.deployment_admin_connects_page.DeploymentAdminConnectsPage object at 0x0000024426540A50&gt;

    @dictionary_parametrize({
        "Test_10": DeploymentsConnectsData.Test_10})
    @qase.title("Verify Edit Connect Page Elements - Range Item Add")
    @qase.fields(
        ("severity", "major"),
        ("priority", "high"),
        ("description", "Verify the edit connect page elements when adding a range of items."),
    )
    def test_verify_edit_connect_page_elements_range_item_add(
        environment_to_run,
        ontrack_username,
        ontrack_password,
        ontrack_login_page,
        menu_to_select,
        Custom_Value,
        success_message_text,
        deployment_admin_connects_page,
        ):
        """
        Test to verify the  edit connect page elements when adding a range of items.
        """
        # 1. Navigate to OnTrack login page
&gt;       ontrack_login_page.open_and_verify_ontrack_login_page(
            environment_to_run, ontrack_username, ontrack_password
        )

tests\test_deployment_admin_connects.py:548: 
_ _ _ _ _ _ _ _ _ _ _ _ _ _ _ _ _ _ _ _ _ _ _ _ _ _ _ _ _ _ _ _ _ _ _ _ _ _ _ _ _ _ _ _ _ _ _ _ _ _ _ _ _ _ _ _ _ _ _ _ _ _ _ _ _ _ _ _ _ _ _ _ _ _ _ _ _ _ _ _ _ _ _ _ _ _ _ _ _ _
utilities\decorators.py:14: in wrapper_decorator
    value = func(self, *args, **kwargs)
C:\Users\tejas\AppData\Local\Programs\Python\Python313\Lib\contextlib.py:85: in inner
    return func(*args, **kwds)
pages\ontrack_login_page.py:89: in open_and_verify_ontrack_login_page
    self.open_revosend(environment_to_run)
_ _ _ _ _ _ _ _ _ _ _ _ _ _ _ _ _ _ _ _ _ _ _ _ _ _ _ _ _ _ _ _ _ _ _ _ _ _ _ _ _ _ _ _ _ _ _ _ _ _ _ _ _ _ _ _ _ _ _ _ _ _ _ _ _ _ _ _ _ _ _ _ _ _ _ _ _ _ _ _ _ _ _ _ _ _ _ _ _ _

self = &lt;pages.ontrack_login_page.OntrackLoginPage object at 0x000002442664D490&gt;, environment_to_run = None

    def open_revosend(self, environment_to_run):
        """
        Open the RevoSend login page.
        :param environment_to_run: e.g., 'test', 'stage', 'prod'
        """
        env = utils.login_form_run_environment(environment_to_run)
    
        if not env:
&gt;           raise ValueError("Environment is empty. Cannot build RevoSend URL.")
E           ValueError: Environment is empty. Cannot build RevoSend URL.

pages\ontrack_login_page.py:60: ValueError</failure></testcase><testcase classname="tests.test_deployment_admin_dashboard" name="test_verify_dashboard_page_elements[chromium-Test_1]" time="0.068"><failure message="ValueError: Environment is empty. Cannot build RevoSend URL.">environment_to_run = None, ontrack_username = None, ontrack_password = None, ontrack_login_page = &lt;pages.ontrack_login_page.OntrackLoginPage object at 0x00000244265290D0&gt;
deployment_admin_dashboard_page = &lt;pages.deployment_admin_dashboard_page.DeploymentAdminDashboardPage object at 0x0000024425FDF620&gt;, role_to_change = 'Deployment Admin'
user_data_table_headers = ['ID', 'First Name', 'Last Name', 'Email', 'Phone Number', 'Items Sent'], item_data_table_headers = ['ID', 'Name', 'Price', 'Sends', 'Status']
newest_sends_data_table_headers = ['Name', 'Description', 'Order Count', 'Status']

    @dictionary_parametrize(
        {
            "Test_1": DeploymentAdminDashboardParams.Test_1,
        }
    )
    @qase.title("Verify deployment admin Dashboard elements")
    # @qase.id(2)
    @qase.fields(
        ("severity", "major"),
        ("priority", "high"),
        (
            "description",
            "Verify all fields of deployment admin Dashboard",
        ),
    )
    def test_verify_dashboard_page_elements(
        environment_to_run,
        ontrack_username,
        ontrack_password,
        ontrack_login_page,
        deployment_admin_dashboard_page,
        role_to_change,
        user_data_table_headers,
        item_data_table_headers,
        newest_sends_data_table_headers,
    ):
        """
        Regression test for items list page fields verification
        """
        # 1. Navigate to ontrack login page and verify all element of login page
&gt;       ontrack_login_page.open_and_verify_ontrack_login_page(
            environment_to_run, ontrack_username, ontrack_password
        )

tests\test_deployment_admin_dashboard.py:41: 
_ _ _ _ _ _ _ _ _ _ _ _ _ _ _ _ _ _ _ _ _ _ _ _ _ _ _ _ _ _ _ _ _ _ _ _ _ _ _ _ _ _ _ _ _ _ _ _ _ _ _ _ _ _ _ _ _ _ _ _ _ _ _ _ _ _ _ _ _ _ _ _ _ _ _ _ _ _ _ _ _ _ _ _ _ _ _ _ _ _
utilities\decorators.py:14: in wrapper_decorator
    value = func(self, *args, **kwargs)
C:\Users\tejas\AppData\Local\Programs\Python\Python313\Lib\contextlib.py:85: in inner
    return func(*args, **kwds)
pages\ontrack_login_page.py:89: in open_and_verify_ontrack_login_page
    self.open_revosend(environment_to_run)
_ _ _ _ _ _ _ _ _ _ _ _ _ _ _ _ _ _ _ _ _ _ _ _ _ _ _ _ _ _ _ _ _ _ _ _ _ _ _ _ _ _ _ _ _ _ _ _ _ _ _ _ _ _ _ _ _ _ _ _ _ _ _ _ _ _ _ _ _ _ _ _ _ _ _ _ _ _ _ _ _ _ _ _ _ _ _ _ _ _

self = &lt;pages.ontrack_login_page.OntrackLoginPage object at 0x00000244265290D0&gt;, environment_to_run = None

    def open_revosend(self, environment_to_run):
        """
        Open the RevoSend login page.
        :param environment_to_run: e.g., 'test', 'stage', 'prod'
        """
        env = utils.login_form_run_environment(environment_to_run)
    
        if not env:
&gt;           raise ValueError("Environment is empty. Cannot build RevoSend URL.")
E           ValueError: Environment is empty. Cannot build RevoSend URL.

pages\ontrack_login_page.py:60: ValueError</failure></testcase><testcase classname="tests.test_deployment_admin_items_list" name="test_verify_items_list_page_elements[chromium-Test_1]" time="0.068"><failure message="ValueError: Environment is empty. Cannot build RevoSend URL.">environment_to_run = None, ontrack_username = None, ontrack_password = None, ontrack_login_page = &lt;pages.ontrack_login_page.OntrackLoginPage object at 0x000002442652AF10&gt;
deployment_admin_items_list_page = &lt;pages.deployment_admin_items_list_page.DeploymentAdminItemsListPage object at 0x0000024425FDE660&gt;, tab_to_navigate = 'Items List'
role_to_change = 'Deployment Admin', headers_text = ['Thumbnail', 'ID', 'Display Name', 'Price', 'Status', 'Actions']

    @dictionary_parametrize(
        {
            "Test_1": DeploymentAdminItemsListParams.Test_1,
        }
    )
    @qase.title("Verify deployment admin items list page elements")
    # @qase.id(2)
    @qase.fields(
        ("severity", "major"),
        ("priority", "high"),
        (
                "description",
                "Verify all fields of deployment admin items list page",
        ),
    )
    def test_verify_items_list_page_elements(
            environment_to_run,
            ontrack_username,
            ontrack_password,
            ontrack_login_page,
            deployment_admin_items_list_page,
            tab_to_navigate,
            role_to_change,
            headers_text,
    ):
        """
        Regression test for items list page fields verification
        """
        # 1. Navigate to ontrack login page and verify all element of login page
&gt;       ontrack_login_page.open_and_verify_ontrack_login_page(
            environment_to_run, ontrack_username, ontrack_password
        )

tests\test_deployment_admin_items_list.py:40: 
_ _ _ _ _ _ _ _ _ _ _ _ _ _ _ _ _ _ _ _ _ _ _ _ _ _ _ _ _ _ _ _ _ _ _ _ _ _ _ _ _ _ _ _ _ _ _ _ _ _ _ _ _ _ _ _ _ _ _ _ _ _ _ _ _ _ _ _ _ _ _ _ _ _ _ _ _ _ _ _ _ _ _ _ _ _ _ _ _ _
utilities\decorators.py:14: in wrapper_decorator
    value = func(self, *args, **kwargs)
C:\Users\tejas\AppData\Local\Programs\Python\Python313\Lib\contextlib.py:85: in inner
    return func(*args, **kwds)
pages\ontrack_login_page.py:89: in open_and_verify_ontrack_login_page
    self.open_revosend(environment_to_run)
_ _ _ _ _ _ _ _ _ _ _ _ _ _ _ _ _ _ _ _ _ _ _ _ _ _ _ _ _ _ _ _ _ _ _ _ _ _ _ _ _ _ _ _ _ _ _ _ _ _ _ _ _ _ _ _ _ _ _ _ _ _ _ _ _ _ _ _ _ _ _ _ _ _ _ _ _ _ _ _ _ _ _ _ _ _ _ _ _ _

self = &lt;pages.ontrack_login_page.OntrackLoginPage object at 0x000002442652AF10&gt;, environment_to_run = None

    def open_revosend(self, environment_to_run):
        """
        Open the RevoSend login page.
        :param environment_to_run: e.g., 'test', 'stage', 'prod'
        """
        env = utils.login_form_run_environment(environment_to_run)
    
        if not env:
&gt;           raise ValueError("Environment is empty. Cannot build RevoSend URL.")
E           ValueError: Environment is empty. Cannot build RevoSend URL.

pages\ontrack_login_page.py:60: ValueError</failure></testcase><testcase classname="tests.test_deployment_admin_items_list" name="test_apply_filter_on_items_list_data[chromium-Test_2]" time="0.070"><failure message="ValueError: Environment is empty. Cannot build RevoSend URL.">environment_to_run = None, ontrack_username = None, ontrack_password = None, ontrack_login_page = &lt;pages.ontrack_login_page.OntrackLoginPage object at 0x00000244264B3E30&gt;
deployment_admin_items_list_page = &lt;pages.deployment_admin_items_list_page.DeploymentAdminItemsListPage object at 0x00000244261E8F50&gt;, tab_to_navigate = 'Items List'
available_filter_options = ['All Items', 'Activated Items', 'Deactivated Items', 'Custom']
expected_statuses = {'Activated Items': ['Activated'], 'All Items': ['Activated', 'Deactivated'], 'Custom': ['Deactivated'], 'Deactivated Items': ['Deactivated']}

    @dictionary_parametrize(
        {
            "Test_2": DeploymentAdminItemsListParams.Test_2,
        }
    )
    @qase.title("Apply filter on items list data and verify filtered data on items list")
    # @qase.id(2)
    @qase.fields(
        ("severity", "major"),
        ("priority", "high"),
        (
                "description",
                "Apply filter on items list data and verify filtered data on items list",
        ),
    )
    def test_apply_filter_on_items_list_data(
            environment_to_run,
            ontrack_username,
            ontrack_password,
            ontrack_login_page,
            #role_to_change,
            deployment_admin_items_list_page,
            tab_to_navigate,
            available_filter_options,
            expected_statuses,
    ):
        """
        Regression test for items list filter functionality
        """
        # 1. Navigate to ontrack login page and verify all element of login page
&gt;       ontrack_login_page.open_and_verify_ontrack_login_page(
            environment_to_run, ontrack_username, ontrack_password
        )

tests\test_deployment_admin_items_list.py:86: 
_ _ _ _ _ _ _ _ _ _ _ _ _ _ _ _ _ _ _ _ _ _ _ _ _ _ _ _ _ _ _ _ _ _ _ _ _ _ _ _ _ _ _ _ _ _ _ _ _ _ _ _ _ _ _ _ _ _ _ _ _ _ _ _ _ _ _ _ _ _ _ _ _ _ _ _ _ _ _ _ _ _ _ _ _ _ _ _ _ _
utilities\decorators.py:14: in wrapper_decorator
    value = func(self, *args, **kwargs)
C:\Users\tejas\AppData\Local\Programs\Python\Python313\Lib\contextlib.py:85: in inner
    return func(*args, **kwds)
pages\ontrack_login_page.py:89: in open_and_verify_ontrack_login_page
    self.open_revosend(environment_to_run)
_ _ _ _ _ _ _ _ _ _ _ _ _ _ _ _ _ _ _ _ _ _ _ _ _ _ _ _ _ _ _ _ _ _ _ _ _ _ _ _ _ _ _ _ _ _ _ _ _ _ _ _ _ _ _ _ _ _ _ _ _ _ _ _ _ _ _ _ _ _ _ _ _ _ _ _ _ _ _ _ _ _ _ _ _ _ _ _ _ _

self = &lt;pages.ontrack_login_page.OntrackLoginPage object at 0x00000244264B3E30&gt;, environment_to_run = None

    def open_revosend(self, environment_to_run):
        """
        Open the RevoSend login page.
        :param environment_to_run: e.g., 'test', 'stage', 'prod'
        """
        env = utils.login_form_run_environment(environment_to_run)
    
        if not env:
&gt;           raise ValueError("Environment is empty. Cannot build RevoSend URL.")
E           ValueError: Environment is empty. Cannot build RevoSend URL.

pages\ontrack_login_page.py:60: ValueError</failure></testcase><testcase classname="tests.test_deployment_admin_items_list" name="test_apply_batch_action_on_items_to_changes_current_status_in_bulk[chromium-Test_3]" time="0.088"><failure message="ValueError: Environment is empty. Cannot build RevoSend URL.">environment_to_run = None, ontrack_username = None, ontrack_password = None, ontrack_login_page = &lt;pages.ontrack_login_page.OntrackLoginPage object at 0x000002442656C730&gt;
role_to_change = 'Deployment Admin', deployment_admin_items_list_page = &lt;pages.deployment_admin_items_list_page.DeploymentAdminItemsListPage object at 0x00000244261E8910&gt;
tab_to_navigate = 'Items List'

    @dictionary_parametrize(
        {
            "Test_3": DeploymentAdminItemsListParams.Test_3,
        }
    )
    @qase.title("Apply batch action on item to change status of items")
    # @qase.id(2)
    @qase.fields(
        ("severity", "major"),
        ("priority", "high"),
        (
                "description",
                "apply batch action on multiple items at time to change status",
        ),
    )
    def test_apply_batch_action_on_items_to_changes_current_status_in_bulk(
            environment_to_run,
            ontrack_username,
            ontrack_password,
            ontrack_login_page,
            role_to_change,
            deployment_admin_items_list_page,
            tab_to_navigate,
    ):
        """
        Regression test for batch action functionality
        """
        # 1. Navigate to ontrack login page and verify all element of login page
&gt;       ontrack_login_page.open_and_verify_ontrack_login_page(
            environment_to_run, ontrack_username, ontrack_password
        )

tests\test_deployment_admin_items_list.py:132: 
_ _ _ _ _ _ _ _ _ _ _ _ _ _ _ _ _ _ _ _ _ _ _ _ _ _ _ _ _ _ _ _ _ _ _ _ _ _ _ _ _ _ _ _ _ _ _ _ _ _ _ _ _ _ _ _ _ _ _ _ _ _ _ _ _ _ _ _ _ _ _ _ _ _ _ _ _ _ _ _ _ _ _ _ _ _ _ _ _ _
utilities\decorators.py:14: in wrapper_decorator
    value = func(self, *args, **kwargs)
C:\Users\tejas\AppData\Local\Programs\Python\Python313\Lib\contextlib.py:85: in inner
    return func(*args, **kwds)
pages\ontrack_login_page.py:89: in open_and_verify_ontrack_login_page
    self.open_revosend(environment_to_run)
_ _ _ _ _ _ _ _ _ _ _ _ _ _ _ _ _ _ _ _ _ _ _ _ _ _ _ _ _ _ _ _ _ _ _ _ _ _ _ _ _ _ _ _ _ _ _ _ _ _ _ _ _ _ _ _ _ _ _ _ _ _ _ _ _ _ _ _ _ _ _ _ _ _ _ _ _ _ _ _ _ _ _ _ _ _ _ _ _ _

self = &lt;pages.ontrack_login_page.OntrackLoginPage object at 0x000002442656C730&gt;, environment_to_run = None

    def open_revosend(self, environment_to_run):
        """
        Open the RevoSend login page.
        :param environment_to_run: e.g., 'test', 'stage', 'prod'
        """
        env = utils.login_form_run_environment(environment_to_run)
    
        if not env:
&gt;           raise ValueError("Environment is empty. Cannot build RevoSend URL.")
E           ValueError: Environment is empty. Cannot build RevoSend URL.

pages\ontrack_login_page.py:60: ValueError</failure></testcase><testcase classname="tests.test_deployment_admin_items_list" name="test_add_item_flow[chromium-Test_4]" time="0.064"><failure message="ValueError: Environment is empty. Cannot build RevoSend URL.">environment_to_run = None, ontrack_username = None, ontrack_password = None, ontrack_login_page = &lt;pages.ontrack_login_page.OntrackLoginPage object at 0x0000024426618170&gt;
role_to_change = 'Deployment Admin', headers_text_of_summary = ['ID', 'Item Name', 'Price', 'Status']
deployment_admin_items_list_page = &lt;pages.deployment_admin_items_list_page.DeploymentAdminItemsListPage object at 0x0000024426542710&gt;, tab_to_navigate = 'Items List'
headers_text = ['ID', 'Thumbnail', 'Item Name', 'Price', 'Status']

    @dictionary_parametrize(
        {
            "Test_4": DeploymentAdminItemsListParams.Test_4,
        }
    )
    @qase.title("Verify items list add item functionality")
    # @qase.id(2)
    @qase.fields(
        ("severity", "major"),
        ("priority", "high"),
        (
                "description",
                "using add item functionality, Add item to the user list",
        ),
    )
    def test_add_item_flow(
            environment_to_run,
            ontrack_username,
            ontrack_password,
            ontrack_login_page,
            role_to_change,
            headers_text_of_summary,
            deployment_admin_items_list_page,
            tab_to_navigate,
            headers_text,
    ):
        """
        Regression test for add item functionality
        """
        # 1. Navigate to ontrack login page and verify all element of login page
&gt;       ontrack_login_page.open_and_verify_ontrack_login_page(
            environment_to_run, ontrack_username, ontrack_password
        )

tests\test_deployment_admin_items_list.py:177: 
_ _ _ _ _ _ _ _ _ _ _ _ _ _ _ _ _ _ _ _ _ _ _ _ _ _ _ _ _ _ _ _ _ _ _ _ _ _ _ _ _ _ _ _ _ _ _ _ _ _ _ _ _ _ _ _ _ _ _ _ _ _ _ _ _ _ _ _ _ _ _ _ _ _ _ _ _ _ _ _ _ _ _ _ _ _ _ _ _ _
utilities\decorators.py:14: in wrapper_decorator
    value = func(self, *args, **kwargs)
C:\Users\tejas\AppData\Local\Programs\Python\Python313\Lib\contextlib.py:85: in inner
    return func(*args, **kwds)
pages\ontrack_login_page.py:89: in open_and_verify_ontrack_login_page
    self.open_revosend(environment_to_run)
_ _ _ _ _ _ _ _ _ _ _ _ _ _ _ _ _ _ _ _ _ _ _ _ _ _ _ _ _ _ _ _ _ _ _ _ _ _ _ _ _ _ _ _ _ _ _ _ _ _ _ _ _ _ _ _ _ _ _ _ _ _ _ _ _ _ _ _ _ _ _ _ _ _ _ _ _ _ _ _ _ _ _ _ _ _ _ _ _ _

self = &lt;pages.ontrack_login_page.OntrackLoginPage object at 0x0000024426618170&gt;, environment_to_run = None

    def open_revosend(self, environment_to_run):
        """
        Open the RevoSend login page.
        :param environment_to_run: e.g., 'test', 'stage', 'prod'
        """
        env = utils.login_form_run_environment(environment_to_run)
    
        if not env:
&gt;           raise ValueError("Environment is empty. Cannot build RevoSend URL.")
E           ValueError: Environment is empty. Cannot build RevoSend URL.

pages\ontrack_login_page.py:60: ValueError</failure></testcase><testcase classname="tests.test_deployment_admin_items_list" name="test_item_information_component_and_tabs[chromium-Test_5]" time="0.064"><failure message="ValueError: Environment is empty. Cannot build RevoSend URL.">environment_to_run = None, ontrack_username = None, ontrack_password = None, ontrack_login_page = &lt;pages.ontrack_login_page.OntrackLoginPage object at 0x00000244265DC550&gt;
role_to_change = 'Deployment Admin', tab_to_change = 'Send Orders'
deployment_admin_items_list_page = &lt;pages.deployment_admin_items_list_page.DeploymentAdminItemsListPage object at 0x00000244265402D0&gt;, tab_to_navigate = 'Items List'
headers_text = ['Thumbnail', 'ID', 'Date Created', 'Tracking Number', 'Date Sent', 'Status']

    @dictionary_parametrize(
        {
            "Test_5": DeploymentAdminItemsListParams.Test_5,
        }
    )
    @qase.title("Verify items information pop-up details")
    # @qase.id(2)
    @qase.fields(
        ("severity", "major"),
        ("priority", "high"),
        (
                "description",
                "Verify item information both tabs fields",
        ),
    )
    def test_item_information_component_and_tabs(
            environment_to_run,
            ontrack_username,
            ontrack_password,
            ontrack_login_page,
            role_to_change,
            tab_to_change,
            deployment_admin_items_list_page,
            tab_to_navigate,
            headers_text,
    ):
        """
        Regression test for item information
        """
        # 1. Navigate to ontrack login page and verify all element of login page
&gt;       ontrack_login_page.open_and_verify_ontrack_login_page(
            environment_to_run, ontrack_username, ontrack_password
        )

tests\test_deployment_admin_items_list.py:224: 
_ _ _ _ _ _ _ _ _ _ _ _ _ _ _ _ _ _ _ _ _ _ _ _ _ _ _ _ _ _ _ _ _ _ _ _ _ _ _ _ _ _ _ _ _ _ _ _ _ _ _ _ _ _ _ _ _ _ _ _ _ _ _ _ _ _ _ _ _ _ _ _ _ _ _ _ _ _ _ _ _ _ _ _ _ _ _ _ _ _
utilities\decorators.py:14: in wrapper_decorator
    value = func(self, *args, **kwargs)
C:\Users\tejas\AppData\Local\Programs\Python\Python313\Lib\contextlib.py:85: in inner
    return func(*args, **kwds)
pages\ontrack_login_page.py:89: in open_and_verify_ontrack_login_page
    self.open_revosend(environment_to_run)
_ _ _ _ _ _ _ _ _ _ _ _ _ _ _ _ _ _ _ _ _ _ _ _ _ _ _ _ _ _ _ _ _ _ _ _ _ _ _ _ _ _ _ _ _ _ _ _ _ _ _ _ _ _ _ _ _ _ _ _ _ _ _ _ _ _ _ _ _ _ _ _ _ _ _ _ _ _ _ _ _ _ _ _ _ _ _ _ _ _

self = &lt;pages.ontrack_login_page.OntrackLoginPage object at 0x00000244265DC550&gt;, environment_to_run = None

    def open_revosend(self, environment_to_run):
        """
        Open the RevoSend login page.
        :param environment_to_run: e.g., 'test', 'stage', 'prod'
        """
        env = utils.login_form_run_environment(environment_to_run)
    
        if not env:
&gt;           raise ValueError("Environment is empty. Cannot build RevoSend URL.")
E           ValueError: Environment is empty. Cannot build RevoSend URL.

pages\ontrack_login_page.py:60: ValueError</failure></testcase><testcase classname="tests.test_deployment_admin_items_list" name="test_filter_functionality_inside_add_item_feature[chromium-Test_6]" time="0.071"><failure message="ValueError: Environment is empty. Cannot build RevoSend URL.">environment_to_run = None, ontrack_username = None, ontrack_password = None, ontrack_login_page = &lt;pages.ontrack_login_page.OntrackLoginPage object at 0x00000244266A8C50&gt;
available_filter_options = ['All Items', 'Custom']
deployment_admin_items_list_page = &lt;pages.deployment_admin_items_list_page.DeploymentAdminItemsListPage object at 0x00000244261E8CD0&gt;, tab_to_navigate = 'Items List'
expected_statuses = {'All Items': ['Activated'], 'Custom': ['Activated']}

    @dictionary_parametrize(
        {
            "Test_6": DeploymentAdminItemsListParams.Test_6,
        }
    )
    @qase.title("Verify add items filters functionality")
    # @qase.id(2)
    @qase.fields(
        ("severity", "major"),
        ("priority", "high"),
        (
                "description",
                "Verify add item filter functionality",
        ),
    )
    def test_filter_functionality_inside_add_item_feature(
            environment_to_run,
            ontrack_username,
            ontrack_password,
            ontrack_login_page,
            #role_to_change,
            available_filter_options,
            deployment_admin_items_list_page,
            tab_to_navigate,
            expected_statuses,
    ):
        """
        Regression test for filter functionality of add item page
        """
        # 1. Navigate to ontrack login page and verify all element of login page
&gt;       ontrack_login_page.open_and_verify_ontrack_login_page(
            environment_to_run, ontrack_username, ontrack_password
        )

tests\test_deployment_admin_items_list.py:270: 
_ _ _ _ _ _ _ _ _ _ _ _ _ _ _ _ _ _ _ _ _ _ _ _ _ _ _ _ _ _ _ _ _ _ _ _ _ _ _ _ _ _ _ _ _ _ _ _ _ _ _ _ _ _ _ _ _ _ _ _ _ _ _ _ _ _ _ _ _ _ _ _ _ _ _ _ _ _ _ _ _ _ _ _ _ _ _ _ _ _
utilities\decorators.py:14: in wrapper_decorator
    value = func(self, *args, **kwargs)
C:\Users\tejas\AppData\Local\Programs\Python\Python313\Lib\contextlib.py:85: in inner
    return func(*args, **kwds)
pages\ontrack_login_page.py:89: in open_and_verify_ontrack_login_page
    self.open_revosend(environment_to_run)
_ _ _ _ _ _ _ _ _ _ _ _ _ _ _ _ _ _ _ _ _ _ _ _ _ _ _ _ _ _ _ _ _ _ _ _ _ _ _ _ _ _ _ _ _ _ _ _ _ _ _ _ _ _ _ _ _ _ _ _ _ _ _ _ _ _ _ _ _ _ _ _ _ _ _ _ _ _ _ _ _ _ _ _ _ _ _ _ _ _

self = &lt;pages.ontrack_login_page.OntrackLoginPage object at 0x00000244266A8C50&gt;, environment_to_run = None

    def open_revosend(self, environment_to_run):
        """
        Open the RevoSend login page.
        :param environment_to_run: e.g., 'test', 'stage', 'prod'
        """
        env = utils.login_form_run_environment(environment_to_run)
    
        if not env:
&gt;           raise ValueError("Environment is empty. Cannot build RevoSend URL.")
E           ValueError: Environment is empty. Cannot build RevoSend URL.

pages\ontrack_login_page.py:60: ValueError</failure></testcase><testcase classname="tests.test_deployment_admin_items_list" name="test_actions_on_the_items_list[chromium-Test_7]" time="0.068"><failure message="ValueError: Environment is empty. Cannot build RevoSend URL.">environment_to_run = None, ontrack_username = None, ontrack_password = None, ontrack_login_page = &lt;pages.ontrack_login_page.OntrackLoginPage object at 0x000002442668C3D0&gt;
role_to_change = 'Deployment Admin', deployment_admin_items_list_page = &lt;pages.deployment_admin_items_list_page.DeploymentAdminItemsListPage object at 0x00000244261EAFD0&gt;
tab_to_navigate = 'Items List', tab_to_change = 'Send Orders', headers_text = ['Thumbnail', 'ID', 'Date Created', 'Tracking Number', 'Date Sent', 'Status']

    @dictionary_parametrize(
        {
            "Test_7": DeploymentAdminItemsListParams.Test_5,
        }
    )
[...]
success_message_text = 'Product Deleted Successfully'

    @dictionary_parametrize(
        {
            "Test_Update_1": VendorProductListParams.Test_8,
        }
    )
    @qase.title("Verify batch action Deleted item")
    # @qase.id(3)
    @qase.fields(
        ("severity", "major"),
        ("priority", "high"),
        ("description", "Verify batch action Deleted item"),
    )
    def test_batch_action_delete_product_item(
            environment_to_run,
            ontrack_username,
            ontrack_password,
            ontrack_login_page,
            vendor_product_list_page,
            tab_to_navigate,
            available_filter_options,
            expected_statuses,
            success_message_text
    ):
        """
        Test for verifying the edit product disable functionality in the vendor product list.
        """
        # 1. Navigate to Ontrack login page and verify all elements on the login page
&gt;       ontrack_login_page.open_and_verify_ontrack_login_page(
            environment_to_run, ontrack_username, ontrack_password
        )

tests\test_vendor_product_list.py:457: 
_ _ _ _ _ _ _ _ _ _ _ _ _ _ _ _ _ _ _ _ _ _ _ _ _ _ _ _ _ _ _ _ _ _ _ _ _ _ _ _ _ _ _ _ _ _ _ _ _ _ _ _ _ _ _ _ _ _ _ _ _ _ _ _ _ _ _ _ _ _ _ _ _ _ _ _ _ _ _ _ _ _ _ _ _ _ _ _ _ _
utilities\decorators.py:14: in wrapper_decorator
    value = func(self, *args, **kwargs)
C:\Users\tejas\AppData\Local\Programs\Python\Python313\Lib\contextlib.py:85: in inner
    return func(*args, **kwds)
pages\ontrack_login_page.py:89: in open_and_verify_ontrack_login_page
    self.open_revosend(environment_to_run)
_ _ _ _ _ _ _ _ _ _ _ _ _ _ _ _ _ _ _ _ _ _ _ _ _ _ _ _ _ _ _ _ _ _ _ _ _ _ _ _ _ _ _ _ _ _ _ _ _ _ _ _ _ _ _ _ _ _ _ _ _ _ _ _ _ _ _ _ _ _ _ _ _ _ _ _ _ _ _ _ _ _ _ _ _ _ _ _ _ _

self = &lt;pages.ontrack_login_page.OntrackLoginPage object at 0x00000244267F4DD0&gt;, environment_to_run = None

    def open_revosend(self, environment_to_run):
        """
        Open the RevoSend login page.
        :param environment_to_run: e.g., 'test', 'stage', 'prod'
        """
        env = utils.login_form_run_environment(environment_to_run)
    
        if not env:
&gt;           raise ValueError("Environment is empty. Cannot build RevoSend URL.")
E           ValueError: Environment is empty. Cannot build RevoSend URL.

pages\ontrack_login_page.py:60: ValueError</failure></testcase><testcase classname="tests.test_vendor_users" name="test_vendor_users_list_page_elements[chromium-Test_1]" time="0.067"><failure message="ValueError: Environment is empty. Cannot build RevoSend URL.">environment_to_run = None, ontrack_username = None, ontrack_password = None, ontrack_login_page = &lt;pages.ontrack_login_page.OntrackLoginPage object at 0x00000244265A6950&gt;
vendor_users_list_page = &lt;pages.vendor_users_page.VendorUsersListPage object at 0x0000024425E7A510&gt;
users_table_headers = ['Profile Image', 'ID', 'Username', 'Email', 'Phone Number', 'Status', ...], tab_to_navigate = 'Users'

    @dictionary_parametrize(
        {
            "Test_1": VendorUsersListParams.test_1,
        }
    )
    @qase.title("Verify vendor users list page elements")
    # @qase.id(1)
    @qase.fields(
        ("severity", "major"),
        ("priority", "high"),
        (
                "description",
                "Verify all available fields on vendor users list page",
        ),
    )
    def test_vendor_users_list_page_elements(
            environment_to_run,
            ontrack_username,
            ontrack_password,
            ontrack_login_page,
            vendor_users_list_page,
            #select_role,
            users_table_headers,
            tab_to_navigate,
    ):
        # Log in to the application
&gt;       ontrack_login_page.open_and_verify_ontrack_login_page(
            environment_to_run, ontrack_username, ontrack_password
        )

tests\test_vendor_users.py:33: 
_ _ _ _ _ _ _ _ _ _ _ _ _ _ _ _ _ _ _ _ _ _ _ _ _ _ _ _ _ _ _ _ _ _ _ _ _ _ _ _ _ _ _ _ _ _ _ _ _ _ _ _ _ _ _ _ _ _ _ _ _ _ _ _ _ _ _ _ _ _ _ _ _ _ _ _ _ _ _ _ _ _ _ _ _ _ _ _ _ _
utilities\decorators.py:14: in wrapper_decorator
    value = func(self, *args, **kwargs)
C:\Users\tejas\AppData\Local\Programs\Python\Python313\Lib\contextlib.py:85: in inner
    return func(*args, **kwds)
pages\ontrack_login_page.py:89: in open_and_verify_ontrack_login_page
    self.open_revosend(environment_to_run)
_ _ _ _ _ _ _ _ _ _ _ _ _ _ _ _ _ _ _ _ _ _ _ _ _ _ _ _ _ _ _ _ _ _ _ _ _ _ _ _ _ _ _ _ _ _ _ _ _ _ _ _ _ _ _ _ _ _ _ _ _ _ _ _ _ _ _ _ _ _ _ _ _ _ _ _ _ _ _ _ _ _ _ _ _ _ _ _ _ _

self = &lt;pages.ontrack_login_page.OntrackLoginPage object at 0x00000244265A6950&gt;, environment_to_run = None

    def open_revosend(self, environment_to_run):
        """
        Open the RevoSend login page.
        :param environment_to_run: e.g., 'test', 'stage', 'prod'
        """
        env = utils.login_form_run_environment(environment_to_run)
    
        if not env:
&gt;           raise ValueError("Environment is empty. Cannot build RevoSend URL.")
E           ValueError: Environment is empty. Cannot build RevoSend URL.

pages\ontrack_login_page.py:60: ValueError</failure></testcase><testcase classname="tests.test_vendor_users" name="test_apply_filter_on_vendor_users_data[chromium-Test_2]" time="0.063"><failure message="ValueError: Environment is empty. Cannot build RevoSend URL.">environment_to_run = None, ontrack_username = None, ontrack_password = None, ontrack_login_page = &lt;pages.ontrack_login_page.OntrackLoginPage object at 0x00000244268D8FD0&gt;
vendor_users_list_page = &lt;pages.vendor_users_page.VendorUsersListPage object at 0x0000024426542D50&gt;, tab_to_navigate = 'Users'
available_filter_options = ['All Users', 'Activated', 'Archived', 'Deactivated', 'Custom']
expected_statuses = {'Activated': ['Activated'], 'All Users': ['Activated', 'Deactivated'], 'Archived': ['Activated', 'Deactivated'], 'Custom': ['Activated', 'Deactivated'], ...}

    @dictionary_parametrize(
        {
            "Test_2": VendorUsersListParams.Test_2,
        }
    )
    @qase.title("Apply filter on users list data and verify filtered data on users list")
    # @qase.id(2)
    @qase.fields(
        ("severity", "major"),
        ("priority", "high"),
        (
                "description",
                "Apply filter on users list data and verify filtered data on users list",
        ),
    )
    def test_apply_filter_on_vendor_users_data(
        environment_to_run,
        ontrack_username,
        ontrack_password,
        ontrack_login_page,
        vendor_users_list_page,
        tab_to_navigate,
        available_filter_options,
        expected_statuses,
    ):
        """
        Regression test for users list filter functionality
        """
&gt;       ontrack_login_page.open_and_verify_ontrack_login_page(
            environment_to_run, ontrack_username, ontrack_password
        )

tests\test_vendor_users.py:76: 
_ _ _ _ _ _ _ _ _ _ _ _ _ _ _ _ _ _ _ _ _ _ _ _ _ _ _ _ _ _ _ _ _ _ _ _ _ _ _ _ _ _ _ _ _ _ _ _ _ _ _ _ _ _ _ _ _ _ _ _ _ _ _ _ _ _ _ _ _ _ _ _ _ _ _ _ _ _ _ _ _ _ _ _ _ _ _ _ _ _
utilities\decorators.py:14: in wrapper_decorator
    value = func(self, *args, **kwargs)
C:\Users\tejas\AppData\Local\Programs\Python\Python313\Lib\contextlib.py:85: in inner
    return func(*args, **kwds)
pages\ontrack_login_page.py:89: in open_and_verify_ontrack_login_page
    self.open_revosend(environment_to_run)
_ _ _ _ _ _ _ _ _ _ _ _ _ _ _ _ _ _ _ _ _ _ _ _ _ _ _ _ _ _ _ _ _ _ _ _ _ _ _ _ _ _ _ _ _ _ _ _ _ _ _ _ _ _ _ _ _ _ _ _ _ _ _ _ _ _ _ _ _ _ _ _ _ _ _ _ _ _ _ _ _ _ _ _ _ _ _ _ _ _

self = &lt;pages.ontrack_login_page.OntrackLoginPage object at 0x00000244268D8FD0&gt;, environment_to_run = None

    def open_revosend(self, environment_to_run):
        """
        Open the RevoSend login page.
        :param environment_to_run: e.g., 'test', 'stage', 'prod'
        """
        env = utils.login_form_run_environment(environment_to_run)
    
        if not env:
&gt;           raise ValueError("Environment is empty. Cannot build RevoSend URL.")
E           ValueError: Environment is empty. Cannot build RevoSend URL.

pages\ontrack_login_page.py:60: ValueError</failure></testcase><testcase classname="tests.test_vendor_users" name="test_apply_batch_action_on_vendor_users_to_changes_current_status_in_bulk[chromium-Test_3]" time="0.069"><failure message="ValueError: Environment is empty. Cannot build RevoSend URL.">environment_to_run = None, ontrack_username = None, ontrack_password = None, ontrack_login_page = &lt;pages.ontrack_login_page.OntrackLoginPage object at 0x000002442693ACD0&gt;
vendor_users_list_page = &lt;pages.vendor_users_page.VendorUsersListPage object at 0x00000244265434D0&gt;, tab_to_navigate = 'Users'

    @dictionary_parametrize(
        {
            "Test_3": VendorUsersListParams.Test_3,
        }
    )
    @qase.title("Apply batch action on users to change status of users")
    # @qase.id(2)
    @qase.fields(
        ("severity", "major"),
        ("priority", "high"),
        (
                "description",
                "apply batch action on multiple users at time to change status",
        ),
    )
    def test_apply_batch_action_on_vendor_users_to_changes_current_status_in_bulk(
            environment_to_run,
            ontrack_username,
            ontrack_password,
            ontrack_login_page,
            #select_role,
            vendor_users_list_page,
            tab_to_navigate,
    ):
        """
        Regression test for batch action functionality
        """
        # 1. Navigate to ontrack login page and verify all element of login page
&gt;       ontrack_login_page.open_and_verify_ontrack_login_page(
            environment_to_run, ontrack_username, ontrack_password
        )

tests\test_vendor_users.py:116: 
_ _ _ _ _ _ _ _ _ _ _ _ _ _ _ _ _ _ _ _ _ _ _ _ _ _ _ _ _ _ _ _ _ _ _ _ _ _ _ _ _ _ _ _ _ _ _ _ _ _ _ _ _ _ _ _ _ _ _ _ _ _ _ _ _ _ _ _ _ _ _ _ _ _ _ _ _ _ _ _ _ _ _ _ _ _ _ _ _ _
utilities\decorators.py:14: in wrapper_decorator
    value = func(self, *args, **kwargs)
C:\Users\tejas\AppData\Local\Programs\Python\Python313\Lib\contextlib.py:85: in inner
    return func(*args, **kwds)
pages\ontrack_login_page.py:89: in open_and_verify_ontrack_login_page
    self.open_revosend(environment_to_run)
_ _ _ _ _ _ _ _ _ _ _ _ _ _ _ _ _ _ _ _ _ _ _ _ _ _ _ _ _ _ _ _ _ _ _ _ _ _ _ _ _ _ _ _ _ _ _ _ _ _ _ _ _ _ _ _ _ _ _ _ _ _ _ _ _ _ _ _ _ _ _ _ _ _ _ _ _ _ _ _ _ _ _ _ _ _ _ _ _ _

self = &lt;pages.ontrack_login_page.OntrackLoginPage object at 0x000002442693ACD0&gt;, environment_to_run = None

    def open_revosend(self, environment_to_run):
        """
        Open the RevoSend login page.
        :param environment_to_run: e.g., 'test', 'stage', 'prod'
        """
        env = utils.login_form_run_environment(environment_to_run)
    
        if not env:
&gt;           raise ValueError("Environment is empty. Cannot build RevoSend URL.")
E           ValueError: Environment is empty. Cannot build RevoSend URL.

pages\ontrack_login_page.py:60: ValueError</failure></testcase><testcase classname="tests.test_vendor_users" name="test_vendor_invite_user_flow[chromium-Test_4]" time="0.088"><failure message="ValueError: Environment is empty. Cannot build RevoSend URL.">environment_to_run = None, ontrack_username = None, ontrack_password = None, ontrack_login_page = &lt;pages.ontrack_login_page.OntrackLoginPage object at 0x0000024426936BD0&gt;
user_email = 'htqgrd.fkaouz@example.com', vendor_users_list_page = &lt;pages.vendor_users_page.VendorUsersListPage object at 0x0000024426541810&gt;, tab_to_navigate = 'Users'
user_name = 'Htqgrd', success_message = 'Invitation Sent Successfully', user_last_name = 'Fkaouz'

    @dictionary_parametrize(
        {
            "Test_4": VendorUsersListParams.Test_4,
        }
    )
    @qase.title("Verify users list invite user functionality")
    # @qase.id(2)
    @qase.fields(
        ("severity", "major"),
        ("priority", "high"),
        (
                "description",
                "using invite user functionality, invite user ",
        ),
    )
    def test_vendor_invite_user_flow(
            environment_to_run,
            ontrack_username,
            ontrack_password,
            ontrack_login_page,
            #select_role,
            user_email,
            vendor_users_list_page,
            tab_to_navigate,
            user_name,
            success_message,
            user_last_name
    ):
        """
        Regression test for invite user functionality
        """
        # 1. Navigate to ontrack login page and verify all element of login page
&gt;       ontrack_login_page.open_and_verify_ontrack_login_page(
            environment_to_run, ontrack_username, ontrack_password
        )

tests\test_vendor_users.py:163: 
_ _ _ _ _ _ _ _ _ _ _ _ _ _ _ _ _ _ _ _ _ _ _ _ _ _ _ _ _ _ _ _ _ _ _ _ _ _ _ _ _ _ _ _ _ _ _ _ _ _ _ _ _ _ _ _ _ _ _ _ _ _ _ _ _ _ _ _ _ _ _ _ _ _ _ _ _ _ _ _ _ _ _ _ _ _ _ _ _ _
utilities\decorators.py:14: in wrapper_decorator
    value = func(self, *args, **kwargs)
C:\Users\tejas\AppData\Local\Programs\Python\Python313\Lib\contextlib.py:85: in inner
    return func(*args, **kwds)
pages\ontrack_login_page.py:89: in open_and_verify_ontrack_login_page
    self.open_revosend(environment_to_run)
_ _ _ _ _ _ _ _ _ _ _ _ _ _ _ _ _ _ _ _ _ _ _ _ _ _ _ _ _ _ _ _ _ _ _ _ _ _ _ _ _ _ _ _ _ _ _ _ _ _ _ _ _ _ _ _ _ _ _ _ _ _ _ _ _ _ _ _ _ _ _ _ _ _ _ _ _ _ _ _ _ _ _ _ _ _ _ _ _ _

self = &lt;pages.ontrack_login_page.OntrackLoginPage object at 0x0000024426936BD0&gt;, environment_to_run = None

    def open_revosend(self, environment_to_run):
        """
        Open the RevoSend login page.
        :param environment_to_run: e.g., 'test', 'stage', 'prod'
        """
        env = utils.login_form_run_environment(environment_to_run)
    
        if not env:
&gt;           raise ValueError("Environment is empty. Cannot build RevoSend URL.")
E           ValueError: Environment is empty. Cannot build RevoSend URL.

pages\ontrack_login_page.py:60: ValueError</failure></testcase><testcase classname="tests.test_vendor_users" name="test_active_and_inactive_and_delete_action_of_users_list[chromium-Test_5]" time="0.094"><failure message="ValueError: Environment is empty. Cannot build RevoSend URL.">environment_to_run = None, ontrack_username = None, ontrack_password = None, ontrack_login_page = &lt;pages.ontrack_login_page.OntrackLoginPage object at 0x00000244268156D0&gt;
vendor_users_list_page = &lt;pages.vendor_users_page.VendorUsersListPage object at 0x00000244261EA5D0&gt;, tab_to_navigate = 'Users'

    @dictionary_parametrize(
        {
            "Test_5": VendorUsersListParams.Test_3,
        }
    )
    @qase.title("Verify active/inactive and delete action functionality on users list")
    # @qase.id(2)
    @qase.fields(
        ("severity", "major"),
        ("priority", "high"),
        (
                "description",
                "Verify and perform active/inactive and delete actions functionality on users list",
        ),
    )
    def test_active_and_inactive_and_delete_action_of_users_list(
            environment_to_run,
            ontrack_username,
            ontrack_password,
            ontrack_login_page,
            #select_role,
            vendor_users_list_page,
            tab_to_navigate,
    ):
        """
        Regression test for active/inactive and delete action functionality on users list
        """
        # 1. Navigate to ontrack login page and verify all element of login page
&gt;       ontrack_login_page.open_and_verify_ontrack_login_page(
            environment_to_run, ontrack_username, ontrack_password
        )

tests\test_vendor_users.py:211: 
_ _ _ _ _ _ _ _ _ _ _ _ _ _ _ _ _ _ _ _ _ _ _ _ _ _ _ _ _ _ _ _ _ _ _ _ _ _ _ _ _ _ _ _ _ _ _ _ _ _ _ _ _ _ _ _ _ _ _ _ _ _ _ _ _ _ _ _ _ _ _ _ _ _ _ _ _ _ _ _ _ _ _ _ _ _ _ _ _ _
utilities\decorators.py:14: in wrapper_decorator
    value = func(self, *args, **kwargs)
C:\Users\tejas\AppData\Local\Programs\Python\Python313\Lib\contextlib.py:85: in inner
    return func(*args, **kwds)
pages\ontrack_login_page.py:89: in open_and_verify_ontrack_login_page
    self.open_revosend(environment_to_run)
_ _ _ _ _ _ _ _ _ _ _ _ _ _ _ _ _ _ _ _ _ _ _ _ _ _ _ _ _ _ _ _ _ _ _ _ _ _ _ _ _ _ _ _ _ _ _ _ _ _ _ _ _ _ _ _ _ _ _ _ _ _ _ _ _ _ _ _ _ _ _ _ _ _ _ _ _ _ _ _ _ _ _ _ _ _ _ _ _ _

self = &lt;pages.ontrack_login_page.OntrackLoginPage object at 0x00000244268156D0&gt;, environment_to_run = None

    def open_revosend(self, environment_to_run):
        """
        Open the RevoSend login page.
        :param environment_to_run: e.g., 'test', 'stage', 'prod'
        """
        env = utils.login_form_run_environment(environment_to_run)
    
        if not env:
&gt;           raise ValueError("Environment is empty. Cannot build RevoSend URL.")
E           ValueError: Environment is empty. Cannot build RevoSend URL.

pages\ontrack_login_page.py:60: ValueError</failure></testcase><testcase classname="tests.test_vendor_users" name="test_user_information_of_users_list[chromium-Test_5]" time="0.120"><failure message="ValueError: Environment is empty. Cannot build RevoSend URL.">environment_to_run = None, ontrack_username = None, ontrack_password = None, ontrack_login_page = &lt;pages.ontrack_login_page.OntrackLoginPage object at 0x0000024426708350&gt;
vendor_users_list_page = &lt;pages.vendor_users_page.VendorUsersListPage object at 0x000002442669ED50&gt;, tab_to_navigate = 'Users'

    @dictionary_parametrize(
        {
            "Test_5": VendorUsersListParams.Test_3,
        }
    )
    @qase.title("Verify user information functionality on users list")
    # @qase.id(2)
    @qase.fields(
        ("severity", "major"),
        ("priority", "high"),
        (
                "description",
                "Verify and perform user information functionality on users list",
        ),
    )
    def test_user_information_of_users_list(
            environment_to_run,
            ontrack_username,
            ontrack_password,
            ontrack_login_page,
            #select_role,
            vendor_users_list_page,
            tab_to_navigate,
    ):
        """
        Regression test for user information functionality on users list
        """
        # 1. Navigate to ontrack login page and verify all element of login page
&gt;       ontrack_login_page.open_and_verify_ontrack_login_page(
            environment_to_run, ontrack_username, ontrack_password
        )

tests\test_vendor_users.py:254: 
_ _ _ _ _ _ _ _ _ _ _ _ _ _ _ _ _ _ _ _ _ _ _ _ _ _ _ _ _ _ _ _ _ _ _ _ _ _ _ _ _ _ _ _ _ _ _ _ _ _ _ _ _ _ _ _ _ _ _ _ _ _ _ _ _ _ _ _ _ _ _ _ _ _ _ _ _ _ _ _ _ _ _ _ _ _ _ _ _ _
utilities\decorators.py:14: in wrapper_decorator
    value = func(self, *args, **kwargs)
C:\Users\tejas\AppData\Local\Programs\Python\Python313\Lib\contextlib.py:85: in inner
    return func(*args, **kwds)
pages\ontrack_login_page.py:89: in open_and_verify_ontrack_login_page
    self.open_revosend(environment_to_run)
_ _ _ _ _ _ _ _ _ _ _ _ _ _ _ _ _ _ _ _ _ _ _ _ _ _ _ _ _ _ _ _ _ _ _ _ _ _ _ _ _ _ _ _ _ _ _ _ _ _ _ _ _ _ _ _ _ _ _ _ _ _ _ _ _ _ _ _ _ _ _ _ _ _ _ _ _ _ _ _ _ _ _ _ _ _ _ _ _ _

self = &lt;pages.ontrack_login_page.OntrackLoginPage object at 0x0000024426708350&gt;, environment_to_run = None

    def open_revosend(self, environment_to_run):
        """
        Open the RevoSend login page.
        :param environment_to_run: e.g., 'test', 'stage', 'prod'
        """
        env = utils.login_form_run_environment(environment_to_run)
    
        if not env:
&gt;           raise ValueError("Environment is empty. Cannot build RevoSend URL.")
E           ValueError: Environment is empty. Cannot build RevoSend URL.

pages\ontrack_login_page.py:60: ValueError</failure></testcase></testsuite></testsuites>